{"/Users/hectorzea/dev/frontbuild/frontend/app/StoreProvider.tsx": {"path":"/Users/hectorzea/dev/frontbuild/frontend/app/StoreProvider.tsx","all":true,"statementMap":{"0":{"start":{"line":1,"column":0},"end":{"line":1,"column":13}},"1":{"start":{"line":2,"column":0},"end":{"line":2,"column":44}},"2":{"start":{"line":3,"column":0},"end":{"line":3,"column":41}},"3":{"start":{"line":4,"column":0},"end":{"line":4,"column":56}},"4":{"start":{"line":5,"column":0},"end":{"line":5,"column":39}},"5":{"start":{"line":6,"column":0},"end":{"line":6,"column":42}},"6":{"start":{"line":7,"column":0},"end":{"line":7,"column":39}},"7":{"start":{"line":8,"column":0},"end":{"line":8,"column":0}},"8":{"start":{"line":9,"column":0},"end":{"line":9,"column":17}},"9":{"start":{"line":10,"column":0},"end":{"line":10,"column":31}},"10":{"start":{"line":11,"column":0},"end":{"line":11,"column":1}},"11":{"start":{"line":12,"column":0},"end":{"line":12,"column":0}},"12":{"start":{"line":13,"column":0},"end":{"line":13,"column":55}},"13":{"start":{"line":14,"column":0},"end":{"line":14,"column":49}},"14":{"start":{"line":15,"column":0},"end":{"line":15,"column":0}},"15":{"start":{"line":16,"column":0},"end":{"line":16,"column":26}},"16":{"start":{"line":17,"column":0},"end":{"line":17,"column":60}},"17":{"start":{"line":18,"column":0},"end":{"line":18,"column":36}},"18":{"start":{"line":19,"column":0},"end":{"line":19,"column":3}},"19":{"start":{"line":20,"column":0},"end":{"line":20,"column":0}},"20":{"start":{"line":21,"column":0},"end":{"line":21,"column":19}},"21":{"start":{"line":22,"column":0},"end":{"line":22,"column":35}},"22":{"start":{"line":23,"column":0},"end":{"line":23,"column":56}},"23":{"start":{"line":24,"column":0},"end":{"line":24,"column":83}},"24":{"start":{"line":25,"column":0},"end":{"line":25,"column":68}},"25":{"start":{"line":26,"column":0},"end":{"line":26,"column":25}},"26":{"start":{"line":27,"column":0},"end":{"line":27,"column":5}},"27":{"start":{"line":28,"column":0},"end":{"line":28,"column":9}},"28":{"start":{"line":29,"column":0},"end":{"line":29,"column":0}},"29":{"start":{"line":30,"column":0},"end":{"line":30,"column":66}},"30":{"start":{"line":31,"column":0},"end":{"line":31,"column":2}}},"s":{"0":0,"1":0,"2":0,"3":0,"4":0,"5":0,"6":0,"7":0,"8":0,"9":0,"10":0,"11":0,"12":0,"13":0,"14":0,"15":0,"16":0,"17":0,"18":0,"19":0,"20":0,"21":0,"22":0,"23":0,"24":0,"25":0,"26":0,"27":0,"28":0,"29":0,"30":0},"branchMap":{"0":{"type":"branch","line":1,"loc":{"start":{"line":1,"column":0},"end":{"line":31,"column":2}},"locations":[{"start":{"line":1,"column":0},"end":{"line":31,"column":2}}]}},"b":{"0":[0]},"fnMap":{"0":{"name":"(empty-report)","decl":{"start":{"line":1,"column":0},"end":{"line":31,"column":2}},"loc":{"start":{"line":1,"column":0},"end":{"line":31,"column":2}},"line":1}},"f":{"0":0}}
,"/Users/hectorzea/dev/frontbuild/frontend/app/error.tsx": {"path":"/Users/hectorzea/dev/frontbuild/frontend/app/error.tsx","all":true,"statementMap":{"0":{"start":{"line":1,"column":0},"end":{"line":1,"column":13}},"1":{"start":{"line":2,"column":0},"end":{"line":2,"column":0}},"2":{"start":{"line":3,"column":0},"end":{"line":3,"column":37}},"3":{"start":{"line":4,"column":0},"end":{"line":4,"column":34}},"4":{"start":{"line":5,"column":0},"end":{"line":5,"column":0}},"5":{"start":{"line":6,"column":0},"end":{"line":6,"column":31}},"6":{"start":{"line":7,"column":0},"end":{"line":7,"column":10}},"7":{"start":{"line":8,"column":0},"end":{"line":8,"column":10}},"8":{"start":{"line":9,"column":0},"end":{"line":9,"column":4}},"9":{"start":{"line":10,"column":0},"end":{"line":10,"column":39}},"10":{"start":{"line":11,"column":0},"end":{"line":11,"column":22}},"11":{"start":{"line":12,"column":0},"end":{"line":12,"column":4}},"12":{"start":{"line":13,"column":0},"end":{"line":13,"column":21}},"13":{"start":{"line":14,"column":0},"end":{"line":14,"column":54}},"14":{"start":{"line":15,"column":0},"end":{"line":15,"column":29}},"15":{"start":{"line":16,"column":0},"end":{"line":16,"column":16}},"16":{"start":{"line":17,"column":0},"end":{"line":17,"column":0}},"17":{"start":{"line":18,"column":0},"end":{"line":18,"column":12}},"18":{"start":{"line":19,"column":0},"end":{"line":19,"column":86}},"19":{"start":{"line":20,"column":0},"end":{"line":20,"column":46}},"20":{"start":{"line":21,"column":0},"end":{"line":21,"column":41}},"21":{"start":{"line":22,"column":0},"end":{"line":22,"column":65}},"22":{"start":{"line":23,"column":0},"end":{"line":23,"column":14}},"23":{"start":{"line":24,"column":0},"end":{"line":24,"column":6}},"24":{"start":{"line":25,"column":0},"end":{"line":25,"column":1}}},"s":{"0":0,"1":0,"2":0,"3":0,"4":0,"5":0,"6":0,"7":0,"8":0,"9":0,"10":0,"11":0,"12":0,"13":0,"14":0,"15":0,"16":0,"17":0,"18":0,"19":0,"20":0,"21":0,"22":0,"23":0,"24":0},"branchMap":{"0":{"type":"branch","line":1,"loc":{"start":{"line":1,"column":0},"end":{"line":25,"column":1}},"locations":[{"start":{"line":1,"column":0},"end":{"line":25,"column":1}}]}},"b":{"0":[0]},"fnMap":{"0":{"name":"(empty-report)","decl":{"start":{"line":1,"column":0},"end":{"line":25,"column":1}},"loc":{"start":{"line":1,"column":0},"end":{"line":25,"column":1}},"line":1}},"f":{"0":0}}
,"/Users/hectorzea/dev/frontbuild/frontend/app/layout.tsx": {"path":"/Users/hectorzea/dev/frontbuild/frontend/app/layout.tsx","all":true,"statementMap":{"0":{"start":{"line":1,"column":0},"end":{"line":1,"column":23}},"1":{"start":{"line":2,"column":0},"end":{"line":2,"column":37}},"2":{"start":{"line":3,"column":0},"end":{"line":3,"column":48}},"3":{"start":{"line":4,"column":0},"end":{"line":4,"column":53}},"4":{"start":{"line":5,"column":0},"end":{"line":5,"column":33}},"5":{"start":{"line":6,"column":0},"end":{"line":6,"column":59}},"6":{"start":{"line":7,"column":0},"end":{"line":7,"column":0}},"7":{"start":{"line":8,"column":0},"end":{"line":8,"column":25}},"8":{"start":{"line":9,"column":0},"end":{"line":9,"column":32}},"9":{"start":{"line":10,"column":0},"end":{"line":10,"column":21}},"10":{"start":{"line":11,"column":0},"end":{"line":11,"column":3}},"11":{"start":{"line":12,"column":0},"end":{"line":12,"column":0}},"12":{"start":{"line":13,"column":0},"end":{"line":13,"column":30}},"13":{"start":{"line":14,"column":0},"end":{"line":14,"column":32}},"14":{"start":{"line":15,"column":0},"end":{"line":15,"column":21}},"15":{"start":{"line":16,"column":0},"end":{"line":16,"column":3}},"16":{"start":{"line":17,"column":0},"end":{"line":17,"column":0}},"17":{"start":{"line":18,"column":0},"end":{"line":18,"column":35}},"18":{"start":{"line":19,"column":0},"end":{"line":19,"column":22}},"19":{"start":{"line":20,"column":0},"end":{"line":20,"column":46}},"20":{"start":{"line":21,"column":0},"end":{"line":21,"column":2}},"21":{"start":{"line":22,"column":0},"end":{"line":22,"column":0}},"22":{"start":{"line":23,"column":0},"end":{"line":23,"column":36}},"23":{"start":{"line":24,"column":0},"end":{"line":24,"column":11}},"24":{"start":{"line":25,"column":0},"end":{"line":25,"column":13}},"25":{"start":{"line":26,"column":0},"end":{"line":26,"column":28}},"26":{"start":{"line":27,"column":0},"end":{"line":27,"column":5}},"27":{"start":{"line":28,"column":0},"end":{"line":28,"column":10}},"28":{"start":{"line":29,"column":0},"end":{"line":29,"column":45}},"29":{"start":{"line":30,"column":0},"end":{"line":30,"column":14}},"30":{"start":{"line":31,"column":0},"end":{"line":31,"column":72}},"31":{"start":{"line":32,"column":0},"end":{"line":32,"column":23}},"32":{"start":{"line":33,"column":0},"end":{"line":33,"column":24}},"33":{"start":{"line":34,"column":0},"end":{"line":34,"column":29}},"34":{"start":{"line":35,"column":0},"end":{"line":35,"column":33}},"35":{"start":{"line":36,"column":0},"end":{"line":36,"column":24}},"36":{"start":{"line":37,"column":0},"end":{"line":37,"column":37}},"37":{"start":{"line":38,"column":0},"end":{"line":38,"column":11}},"38":{"start":{"line":39,"column":0},"end":{"line":39,"column":23}},"39":{"start":{"line":40,"column":0},"end":{"line":40,"column":22}},"40":{"start":{"line":41,"column":0},"end":{"line":41,"column":26}},"41":{"start":{"line":42,"column":0},"end":{"line":42,"column":24}},"42":{"start":{"line":43,"column":0},"end":{"line":43,"column":13}},"43":{"start":{"line":44,"column":0},"end":{"line":44,"column":11}},"44":{"start":{"line":45,"column":0},"end":{"line":45,"column":4}},"45":{"start":{"line":46,"column":0},"end":{"line":46,"column":1}}},"s":{"0":0,"1":0,"2":0,"3":0,"4":0,"5":0,"6":0,"7":0,"8":0,"9":0,"10":0,"11":0,"12":0,"13":0,"14":0,"15":0,"16":0,"17":0,"18":0,"19":0,"20":0,"21":0,"22":0,"23":0,"24":0,"25":0,"26":0,"27":0,"28":0,"29":0,"30":0,"31":0,"32":0,"33":0,"34":0,"35":0,"36":0,"37":0,"38":0,"39":0,"40":0,"41":0,"42":0,"43":0,"44":0,"45":0},"branchMap":{"0":{"type":"branch","line":1,"loc":{"start":{"line":1,"column":0},"end":{"line":46,"column":1}},"locations":[{"start":{"line":1,"column":0},"end":{"line":46,"column":1}}]}},"b":{"0":[0]},"fnMap":{"0":{"name":"(empty-report)","decl":{"start":{"line":1,"column":0},"end":{"line":46,"column":1}},"loc":{"start":{"line":1,"column":0},"end":{"line":46,"column":1}},"line":1}},"f":{"0":0}}
,"/Users/hectorzea/dev/frontbuild/frontend/app/page.tsx": {"path":"/Users/hectorzea/dev/frontbuild/frontend/app/page.tsx","all":true,"statementMap":{"0":{"start":{"line":1,"column":0},"end":{"line":1,"column":12}},"1":{"start":{"line":2,"column":0},"end":{"line":2,"column":51}},"2":{"start":{"line":3,"column":0},"end":{"line":3,"column":71}},"3":{"start":{"line":4,"column":0},"end":{"line":4,"column":52}},"4":{"start":{"line":5,"column":0},"end":{"line":5,"column":58}},"5":{"start":{"line":6,"column":0},"end":{"line":6,"column":0}},"6":{"start":{"line":7,"column":0},"end":{"line":7,"column":37}},"7":{"start":{"line":8,"column":0},"end":{"line":8,"column":63}},"8":{"start":{"line":9,"column":0},"end":{"line":9,"column":0}},"9":{"start":{"line":10,"column":0},"end":{"line":10,"column":19}},"10":{"start":{"line":11,"column":0},"end":{"line":11,"column":43}},"11":{"start":{"line":12,"column":0},"end":{"line":12,"column":58}},"12":{"start":{"line":13,"column":0},"end":{"line":13,"column":27}},"13":{"start":{"line":14,"column":0},"end":{"line":14,"column":7}},"14":{"start":{"line":15,"column":0},"end":{"line":15,"column":26}},"15":{"start":{"line":16,"column":0},"end":{"line":16,"column":6}},"16":{"start":{"line":17,"column":0},"end":{"line":17,"column":24}},"17":{"start":{"line":18,"column":0},"end":{"line":18,"column":9}},"18":{"start":{"line":19,"column":0},"end":{"line":19,"column":0}},"19":{"start":{"line":20,"column":0},"end":{"line":20,"column":20}},"20":{"start":{"line":21,"column":0},"end":{"line":21,"column":88}},"21":{"start":{"line":22,"column":0},"end":{"line":22,"column":3}},"22":{"start":{"line":23,"column":0},"end":{"line":23,"column":0}},"23":{"start":{"line":24,"column":0},"end":{"line":24,"column":27}},"24":{"start":{"line":25,"column":0},"end":{"line":25,"column":1}}},"s":{"0":0,"1":0,"2":0,"3":0,"4":0,"5":0,"6":0,"7":0,"8":0,"9":0,"10":0,"11":0,"12":0,"13":0,"14":0,"15":0,"16":0,"17":0,"18":0,"19":0,"20":0,"21":0,"22":0,"23":0,"24":0},"branchMap":{"0":{"type":"branch","line":1,"loc":{"start":{"line":1,"column":0},"end":{"line":25,"column":1}},"locations":[{"start":{"line":1,"column":0},"end":{"line":25,"column":1}}]}},"b":{"0":[0]},"fnMap":{"0":{"name":"(empty-report)","decl":{"start":{"line":1,"column":0},"end":{"line":25,"column":1}},"loc":{"start":{"line":1,"column":0},"end":{"line":25,"column":1}},"line":1}},"f":{"0":0}}
,"/Users/hectorzea/dev/frontbuild/frontend/app/test-utils.tsx": {"path":"/Users/hectorzea/dev/frontbuild/frontend/app/test-utils.tsx","all":false,"statementMap":{"0":{"start":{"line":1,"column":0},"end":{"line":1,"column":48}},"1":{"start":{"line":2,"column":0},"end":{"line":2,"column":47}},"2":{"start":{"line":3,"column":0},"end":{"line":3,"column":59}},"3":{"start":{"line":4,"column":0},"end":{"line":4,"column":38}},"4":{"start":{"line":5,"column":0},"end":{"line":5,"column":0}},"5":{"start":{"line":6,"column":0},"end":{"line":6,"column":54}},"6":{"start":{"line":7,"column":0},"end":{"line":7,"column":40}},"7":{"start":{"line":8,"column":0},"end":{"line":8,"column":52}},"8":{"start":{"line":9,"column":0},"end":{"line":9,"column":60}},"9":{"start":{"line":10,"column":0},"end":{"line":10,"column":0}},"10":{"start":{"line":11,"column":0},"end":{"line":11,"column":79}},"11":{"start":{"line":12,"column":0},"end":{"line":12,"column":74}},"12":{"start":{"line":13,"column":0},"end":{"line":13,"column":72}},"13":{"start":{"line":14,"column":0},"end":{"line":14,"column":39}},"14":{"start":{"line":15,"column":0},"end":{"line":15,"column":20}},"15":{"start":{"line":16,"column":0},"end":{"line":16,"column":1}},"16":{"start":{"line":17,"column":0},"end":{"line":17,"column":0}},"17":{"start":{"line":18,"column":0},"end":{"line":18,"column":36}},"18":{"start":{"line":19,"column":0},"end":{"line":19,"column":27}},"19":{"start":{"line":20,"column":0},"end":{"line":20,"column":53}},"20":{"start":{"line":21,"column":0},"end":{"line":21,"column":3}},"21":{"start":{"line":22,"column":0},"end":{"line":22,"column":11}},"22":{"start":{"line":23,"column":0},"end":{"line":23,"column":28}},"23":{"start":{"line":24,"column":0},"end":{"line":24,"column":74}},"24":{"start":{"line":25,"column":0},"end":{"line":25,"column":43}},"25":{"start":{"line":26,"column":0},"end":{"line":26,"column":24}},"26":{"start":{"line":27,"column":0},"end":{"line":27,"column":29}},"27":{"start":{"line":28,"column":0},"end":{"line":28,"column":0}},"28":{"start":{"line":29,"column":0},"end":{"line":29,"column":58}},"29":{"start":{"line":30,"column":0},"end":{"line":30,"column":53}},"30":{"start":{"line":31,"column":0},"end":{"line":31,"column":5}},"31":{"start":{"line":32,"column":0},"end":{"line":32,"column":0}},"32":{"start":{"line":33,"column":0},"end":{"line":33,"column":71}},"33":{"start":{"line":34,"column":0},"end":{"line":34,"column":12}},"34":{"start":{"line":35,"column":0},"end":{"line":35,"column":14}},"35":{"start":{"line":36,"column":0},"end":{"line":36,"column":61}},"36":{"start":{"line":37,"column":0},"end":{"line":37,"column":5}},"37":{"start":{"line":38,"column":0},"end":{"line":38,"column":1}}},"s":{"0":1,"1":1,"2":1,"3":1,"4":1,"5":1,"6":1,"7":1,"8":1,"9":1,"10":1,"11":1,"12":1,"13":1,"14":1,"15":1,"16":1,"17":1,"18":2,"19":2,"20":2,"21":2,"22":2,"23":2,"24":2,"25":2,"26":2,"27":2,"28":2,"29":2,"30":2,"31":2,"32":2,"33":2,"34":2,"35":2,"36":2,"37":2},"branchMap":{"0":{"type":"branch","line":18,"loc":{"start":{"line":18,"column":7},"end":{"line":38,"column":1}},"locations":[{"start":{"line":18,"column":7},"end":{"line":38,"column":1}}]}},"b":{"0":[2]},"fnMap":{"0":{"name":"renderWithProviders","decl":{"start":{"line":18,"column":7},"end":{"line":38,"column":1}},"loc":{"start":{"line":18,"column":7},"end":{"line":38,"column":1}},"line":18}},"f":{"0":2}}
,"/Users/hectorzea/dev/frontbuild/frontend/app/mocks/browser.ts": {"path":"/Users/hectorzea/dev/frontbuild/frontend/app/mocks/browser.ts","all":true,"statementMap":{"0":{"start":{"line":1,"column":0},"end":{"line":1,"column":41}},"1":{"start":{"line":2,"column":0},"end":{"line":2,"column":37}},"2":{"start":{"line":3,"column":0},"end":{"line":3,"column":1}},"3":{"start":{"line":4,"column":0},"end":{"line":4,"column":46}}},"s":{"0":0,"1":0,"2":0,"3":0},"branchMap":{"0":{"type":"branch","line":1,"loc":{"start":{"line":1,"column":0},"end":{"line":4,"column":46}},"locations":[{"start":{"line":1,"column":0},"end":{"line":4,"column":46}}]}},"b":{"0":[0]},"fnMap":{"0":{"name":"(empty-report)","decl":{"start":{"line":1,"column":0},"end":{"line":4,"column":46}},"loc":{"start":{"line":1,"column":0},"end":{"line":4,"column":46}},"line":1}},"f":{"0":0}}
,"/Users/hectorzea/dev/frontbuild/frontend/app/mocks/handlers.ts": {"path":"/Users/hectorzea/dev/frontbuild/frontend/app/mocks/handlers.ts","all":false,"statementMap":{"0":{"start":{"line":1,"column":0},"end":{"line":1,"column":49}},"1":{"start":{"line":2,"column":0},"end":{"line":2,"column":45}},"2":{"start":{"line":3,"column":0},"end":{"line":3,"column":47}},"3":{"start":{"line":4,"column":0},"end":{"line":4,"column":53}},"4":{"start":{"line":5,"column":0},"end":{"line":5,"column":0}},"5":{"start":{"line":6,"column":0},"end":{"line":6,"column":25}},"6":{"start":{"line":7,"column":0},"end":{"line":7,"column":20}},"7":{"start":{"line":8,"column":0},"end":{"line":8,"column":22}},"8":{"start":{"line":9,"column":0},"end":{"line":9,"column":21}},"9":{"start":{"line":10,"column":0},"end":{"line":10,"column":23}},"10":{"start":{"line":11,"column":0},"end":{"line":11,"column":1}}},"s":{"0":1,"1":1,"2":1,"3":1,"4":1,"5":1,"6":1,"7":1,"8":1,"9":1,"10":1},"branchMap":{},"b":{},"fnMap":{},"f":{}}
,"/Users/hectorzea/dev/frontbuild/frontend/app/mocks/labelHandlers.ts": {"path":"/Users/hectorzea/dev/frontbuild/frontend/app/mocks/labelHandlers.ts","all":false,"statementMap":{"0":{"start":{"line":1,"column":0},"end":{"line":1,"column":40}},"1":{"start":{"line":2,"column":0},"end":{"line":2,"column":0}},"2":{"start":{"line":3,"column":0},"end":{"line":3,"column":30}},"3":{"start":{"line":4,"column":0},"end":{"line":4,"column":80}},"4":{"start":{"line":5,"column":0},"end":{"line":5,"column":34}},"5":{"start":{"line":6,"column":0},"end":{"line":6,"column":13}},"6":{"start":{"line":7,"column":0},"end":{"line":7,"column":50}},"7":{"start":{"line":8,"column":0},"end":{"line":8,"column":31}},"8":{"start":{"line":9,"column":0},"end":{"line":9,"column":31}},"9":{"start":{"line":10,"column":0},"end":{"line":10,"column":14}},"10":{"start":{"line":11,"column":0},"end":{"line":11,"column":13}},"11":{"start":{"line":12,"column":0},"end":{"line":12,"column":50}},"12":{"start":{"line":13,"column":0},"end":{"line":13,"column":35}},"13":{"start":{"line":14,"column":0},"end":{"line":14,"column":35}},"14":{"start":{"line":15,"column":0},"end":{"line":15,"column":14}},"15":{"start":{"line":16,"column":0},"end":{"line":16,"column":13}},"16":{"start":{"line":17,"column":0},"end":{"line":17,"column":50}},"17":{"start":{"line":18,"column":0},"end":{"line":18,"column":37}},"18":{"start":{"line":19,"column":0},"end":{"line":19,"column":37}},"19":{"start":{"line":20,"column":0},"end":{"line":20,"column":14}},"20":{"start":{"line":21,"column":0},"end":{"line":21,"column":13}},"21":{"start":{"line":22,"column":0},"end":{"line":22,"column":50}},"22":{"start":{"line":23,"column":0},"end":{"line":23,"column":32}},"23":{"start":{"line":24,"column":0},"end":{"line":24,"column":32}},"24":{"start":{"line":25,"column":0},"end":{"line":25,"column":14}},"25":{"start":{"line":26,"column":0},"end":{"line":26,"column":13}},"26":{"start":{"line":27,"column":0},"end":{"line":27,"column":50}},"27":{"start":{"line":28,"column":0},"end":{"line":28,"column":41}},"28":{"start":{"line":29,"column":0},"end":{"line":29,"column":41}},"29":{"start":{"line":30,"column":0},"end":{"line":30,"column":14}},"30":{"start":{"line":31,"column":0},"end":{"line":31,"column":10}},"31":{"start":{"line":32,"column":0},"end":{"line":32,"column":7}},"32":{"start":{"line":33,"column":0},"end":{"line":33,"column":1}}},"s":{"0":1,"1":1,"2":1,"3":1,"4":2,"5":2,"6":2,"7":2,"8":2,"9":2,"10":2,"11":2,"12":2,"13":2,"14":2,"15":2,"16":2,"17":2,"18":2,"19":2,"20":2,"21":2,"22":2,"23":2,"24":2,"25":2,"26":2,"27":2,"28":2,"29":2,"30":2,"31":2,"32":1},"branchMap":{"0":{"type":"branch","line":4,"loc":{"start":{"line":4,"column":73},"end":{"line":32,"column":7}},"locations":[{"start":{"line":4,"column":73},"end":{"line":32,"column":7}}]}},"b":{"0":[2]},"fnMap":{},"f":{}}
,"/Users/hectorzea/dev/frontbuild/frontend/app/mocks/priorityHandlers.ts": {"path":"/Users/hectorzea/dev/frontbuild/frontend/app/mocks/priorityHandlers.ts","all":false,"statementMap":{"0":{"start":{"line":1,"column":0},"end":{"line":1,"column":40}},"1":{"start":{"line":2,"column":0},"end":{"line":2,"column":0}},"2":{"start":{"line":3,"column":0},"end":{"line":3,"column":33}},"3":{"start":{"line":4,"column":0},"end":{"line":4,"column":84}},"4":{"start":{"line":5,"column":0},"end":{"line":5,"column":34}},"5":{"start":{"line":6,"column":0},"end":{"line":6,"column":13}},"6":{"start":{"line":7,"column":0},"end":{"line":7,"column":29}},"7":{"start":{"line":8,"column":0},"end":{"line":8,"column":29}},"8":{"start":{"line":9,"column":0},"end":{"line":9,"column":35}},"9":{"start":{"line":10,"column":0},"end":{"line":10,"column":14}},"10":{"start":{"line":11,"column":0},"end":{"line":11,"column":13}},"11":{"start":{"line":12,"column":0},"end":{"line":12,"column":32}},"12":{"start":{"line":13,"column":0},"end":{"line":13,"column":32}},"13":{"start":{"line":14,"column":0},"end":{"line":14,"column":36}},"14":{"start":{"line":15,"column":0},"end":{"line":15,"column":14}},"15":{"start":{"line":16,"column":0},"end":{"line":16,"column":13}},"16":{"start":{"line":17,"column":0},"end":{"line":17,"column":30}},"17":{"start":{"line":18,"column":0},"end":{"line":18,"column":30}},"18":{"start":{"line":19,"column":0},"end":{"line":19,"column":33}},"19":{"start":{"line":20,"column":0},"end":{"line":20,"column":14}},"20":{"start":{"line":21,"column":0},"end":{"line":21,"column":10}},"21":{"start":{"line":22,"column":0},"end":{"line":22,"column":7}},"22":{"start":{"line":23,"column":0},"end":{"line":23,"column":1}}},"s":{"0":1,"1":1,"2":1,"3":1,"4":2,"5":2,"6":2,"7":2,"8":2,"9":2,"10":2,"11":2,"12":2,"13":2,"14":2,"15":2,"16":2,"17":2,"18":2,"19":2,"20":2,"21":2,"22":1},"branchMap":{"0":{"type":"branch","line":4,"loc":{"start":{"line":4,"column":77},"end":{"line":22,"column":7}},"locations":[{"start":{"line":4,"column":77},"end":{"line":22,"column":7}}]}},"b":{"0":[2]},"fnMap":{},"f":{}}
,"/Users/hectorzea/dev/frontbuild/frontend/app/mocks/setupMocks.ts": {"path":"/Users/hectorzea/dev/frontbuild/frontend/app/mocks/setupMocks.ts","all":true,"statementMap":{"0":{"start":{"line":1,"column":0},"end":{"line":1,"column":38}},"1":{"start":{"line":2,"column":0},"end":{"line":2,"column":0}},"2":{"start":{"line":3,"column":0},"end":{"line":3,"column":39}},"3":{"start":{"line":4,"column":0},"end":{"line":4,"column":40}},"4":{"start":{"line":5,"column":0},"end":{"line":5,"column":60}},"5":{"start":{"line":6,"column":0},"end":{"line":6,"column":48}},"6":{"start":{"line":7,"column":0},"end":{"line":7,"column":61}},"7":{"start":{"line":8,"column":0},"end":{"line":8,"column":22}},"8":{"start":{"line":9,"column":0},"end":{"line":9,"column":5}},"9":{"start":{"line":10,"column":0},"end":{"line":10,"column":2}}},"s":{"0":0,"1":0,"2":0,"3":0,"4":0,"5":0,"6":0,"7":0,"8":0,"9":0},"branchMap":{"0":{"type":"branch","line":1,"loc":{"start":{"line":1,"column":0},"end":{"line":10,"column":2}},"locations":[{"start":{"line":1,"column":0},"end":{"line":10,"column":2}}]}},"b":{"0":[0]},"fnMap":{"0":{"name":"(empty-report)","decl":{"start":{"line":1,"column":0},"end":{"line":10,"column":2}},"loc":{"start":{"line":1,"column":0},"end":{"line":10,"column":2}},"line":1}},"f":{"0":0}}
,"/Users/hectorzea/dev/frontbuild/frontend/app/mocks/statusHandlers.ts": {"path":"/Users/hectorzea/dev/frontbuild/frontend/app/mocks/statusHandlers.ts","all":false,"statementMap":{"0":{"start":{"line":1,"column":0},"end":{"line":1,"column":40}},"1":{"start":{"line":2,"column":0},"end":{"line":2,"column":0}},"2":{"start":{"line":3,"column":0},"end":{"line":3,"column":31}},"3":{"start":{"line":4,"column":0},"end":{"line":4,"column":80}},"4":{"start":{"line":5,"column":0},"end":{"line":5,"column":34}},"5":{"start":{"line":6,"column":0},"end":{"line":6,"column":13}},"6":{"start":{"line":7,"column":0},"end":{"line":7,"column":50}},"7":{"start":{"line":8,"column":0},"end":{"line":8,"column":32}},"8":{"start":{"line":9,"column":0},"end":{"line":9,"column":32}},"9":{"start":{"line":10,"column":0},"end":{"line":10,"column":38}},"10":{"start":{"line":11,"column":0},"end":{"line":11,"column":14}},"11":{"start":{"line":12,"column":0},"end":{"line":12,"column":13}},"12":{"start":{"line":13,"column":0},"end":{"line":13,"column":50}},"13":{"start":{"line":14,"column":0},"end":{"line":14,"column":39}},"14":{"start":{"line":15,"column":0},"end":{"line":15,"column":39}},"15":{"start":{"line":16,"column":0},"end":{"line":16,"column":32}},"16":{"start":{"line":17,"column":0},"end":{"line":17,"column":14}},"17":{"start":{"line":18,"column":0},"end":{"line":18,"column":13}},"18":{"start":{"line":19,"column":0},"end":{"line":19,"column":50}},"19":{"start":{"line":20,"column":0},"end":{"line":20,"column":32}},"20":{"start":{"line":21,"column":0},"end":{"line":21,"column":32}},"21":{"start":{"line":22,"column":0},"end":{"line":22,"column":31}},"22":{"start":{"line":23,"column":0},"end":{"line":23,"column":14}},"23":{"start":{"line":24,"column":0},"end":{"line":24,"column":13}},"24":{"start":{"line":25,"column":0},"end":{"line":25,"column":50}},"25":{"start":{"line":26,"column":0},"end":{"line":26,"column":37}},"26":{"start":{"line":27,"column":0},"end":{"line":27,"column":37}},"27":{"start":{"line":28,"column":0},"end":{"line":28,"column":36}},"28":{"start":{"line":29,"column":0},"end":{"line":29,"column":14}},"29":{"start":{"line":30,"column":0},"end":{"line":30,"column":13}},"30":{"start":{"line":31,"column":0},"end":{"line":31,"column":50}},"31":{"start":{"line":32,"column":0},"end":{"line":32,"column":35}},"32":{"start":{"line":33,"column":0},"end":{"line":33,"column":35}},"33":{"start":{"line":34,"column":0},"end":{"line":34,"column":38}},"34":{"start":{"line":35,"column":0},"end":{"line":35,"column":13}},"35":{"start":{"line":36,"column":0},"end":{"line":36,"column":10}},"36":{"start":{"line":37,"column":0},"end":{"line":37,"column":7}},"37":{"start":{"line":38,"column":0},"end":{"line":38,"column":1}}},"s":{"0":1,"1":1,"2":1,"3":1,"4":2,"5":2,"6":2,"7":2,"8":2,"9":2,"10":2,"11":2,"12":2,"13":2,"14":2,"15":2,"16":2,"17":2,"18":2,"19":2,"20":2,"21":2,"22":2,"23":2,"24":2,"25":2,"26":2,"27":2,"28":2,"29":2,"30":2,"31":2,"32":2,"33":2,"34":2,"35":2,"36":2,"37":1},"branchMap":{"0":{"type":"branch","line":4,"loc":{"start":{"line":4,"column":73},"end":{"line":37,"column":7}},"locations":[{"start":{"line":4,"column":73},"end":{"line":37,"column":7}}]}},"b":{"0":[2]},"fnMap":{},"f":{}}
,"/Users/hectorzea/dev/frontbuild/frontend/app/mocks/taskHandlers.ts": {"path":"/Users/hectorzea/dev/frontbuild/frontend/app/mocks/taskHandlers.ts","all":false,"statementMap":{"0":{"start":{"line":1,"column":0},"end":{"line":1,"column":40}},"1":{"start":{"line":2,"column":0},"end":{"line":2,"column":67}},"2":{"start":{"line":3,"column":0},"end":{"line":3,"column":51}},"3":{"start":{"line":4,"column":0},"end":{"line":4,"column":0}},"4":{"start":{"line":5,"column":0},"end":{"line":5,"column":16}},"5":{"start":{"line":6,"column":0},"end":{"line":6,"column":84}},"6":{"start":{"line":7,"column":0},"end":{"line":7,"column":48}},"7":{"start":{"line":8,"column":0},"end":{"line":8,"column":34}},"8":{"start":{"line":9,"column":0},"end":{"line":9,"column":38}},"9":{"start":{"line":10,"column":0},"end":{"line":10,"column":0}},"10":{"start":{"line":11,"column":0},"end":{"line":11,"column":8}},"11":{"start":{"line":12,"column":0},"end":{"line":12,"column":29}},"12":{"start":{"line":13,"column":0},"end":{"line":13,"column":14}},"13":{"start":{"line":14,"column":0},"end":{"line":14,"column":1}},"14":{"start":{"line":15,"column":0},"end":{"line":15,"column":0}},"15":{"start":{"line":16,"column":0},"end":{"line":16,"column":22}},"16":{"start":{"line":17,"column":0},"end":{"line":17,"column":5}},"17":{"start":{"line":18,"column":0},"end":{"line":18,"column":42}},"18":{"start":{"line":19,"column":0},"end":{"line":19,"column":47}},"19":{"start":{"line":20,"column":0},"end":{"line":20,"column":25}},"20":{"start":{"line":21,"column":0},"end":{"line":21,"column":24}},"21":{"start":{"line":22,"column":0},"end":{"line":22,"column":27}},"22":{"start":{"line":23,"column":0},"end":{"line":23,"column":6}},"23":{"start":{"line":24,"column":0},"end":{"line":24,"column":5}},"24":{"start":{"line":25,"column":0},"end":{"line":25,"column":42}},"25":{"start":{"line":26,"column":0},"end":{"line":26,"column":42}},"26":{"start":{"line":27,"column":0},"end":{"line":27,"column":25}},"27":{"start":{"line":28,"column":0},"end":{"line":28,"column":24}},"28":{"start":{"line":29,"column":0},"end":{"line":29,"column":27}},"29":{"start":{"line":30,"column":0},"end":{"line":30,"column":6}},"30":{"start":{"line":31,"column":0},"end":{"line":31,"column":5}},"31":{"start":{"line":32,"column":0},"end":{"line":32,"column":42}},"32":{"start":{"line":33,"column":0},"end":{"line":33,"column":52}},"33":{"start":{"line":34,"column":0},"end":{"line":34,"column":28}},"34":{"start":{"line":35,"column":0},"end":{"line":35,"column":27}},"35":{"start":{"line":36,"column":0},"end":{"line":36,"column":26}},"36":{"start":{"line":37,"column":0},"end":{"line":37,"column":6}},"37":{"start":{"line":38,"column":0},"end":{"line":38,"column":1}},"38":{"start":{"line":39,"column":0},"end":{"line":39,"column":0}},"39":{"start":{"line":40,"column":0},"end":{"line":40,"column":0}},"40":{"start":{"line":41,"column":0},"end":{"line":41,"column":29}},"41":{"start":{"line":42,"column":0},"end":{"line":42,"column":79}},"42":{"start":{"line":43,"column":0},"end":{"line":43,"column":39}},"43":{"start":{"line":44,"column":0},"end":{"line":44,"column":7}},"44":{"start":{"line":45,"column":0},"end":{"line":45,"column":148}},"45":{"start":{"line":46,"column":0},"end":{"line":46,"column":45}},"46":{"start":{"line":47,"column":0},"end":{"line":47,"column":34}},"47":{"start":{"line":48,"column":0},"end":{"line":48,"column":47}},"48":{"start":{"line":49,"column":0},"end":{"line":49,"column":62}},"49":{"start":{"line":50,"column":0},"end":{"line":50,"column":10}},"50":{"start":{"line":51,"column":0},"end":{"line":51,"column":7}},"51":{"start":{"line":52,"column":0},"end":{"line":52,"column":177}},"52":{"start":{"line":53,"column":0},"end":{"line":53,"column":29}},"53":{"start":{"line":54,"column":0},"end":{"line":54,"column":45}},"54":{"start":{"line":55,"column":0},"end":{"line":55,"column":34}},"55":{"start":{"line":56,"column":0},"end":{"line":56,"column":50}},"56":{"start":{"line":57,"column":0},"end":{"line":57,"column":42}},"57":{"start":{"line":58,"column":0},"end":{"line":58,"column":10}},"58":{"start":{"line":59,"column":0},"end":{"line":59,"column":7}},"59":{"start":{"line":60,"column":0},"end":{"line":60,"column":141}},"60":{"start":{"line":61,"column":0},"end":{"line":61,"column":39}},"61":{"start":{"line":62,"column":0},"end":{"line":62,"column":24}},"62":{"start":{"line":63,"column":0},"end":{"line":63,"column":22}},"63":{"start":{"line":64,"column":0},"end":{"line":64,"column":50}},"64":{"start":{"line":65,"column":0},"end":{"line":65,"column":14}},"65":{"start":{"line":66,"column":0},"end":{"line":66,"column":10}},"66":{"start":{"line":67,"column":0},"end":{"line":67,"column":6}},"67":{"start":{"line":68,"column":0},"end":{"line":68,"column":1}}},"s":{"0":1,"1":1,"2":1,"3":1,"4":1,"5":1,"6":1,"7":1,"8":1,"9":1,"10":1,"11":1,"12":1,"13":1,"14":1,"15":1,"16":1,"17":1,"18":1,"19":1,"20":1,"21":1,"22":1,"23":1,"24":1,"25":1,"26":1,"27":1,"28":1,"29":1,"30":1,"31":1,"32":1,"33":1,"34":1,"35":1,"36":1,"37":1,"38":1,"39":1,"40":1,"41":1,"42":1,"43":1,"44":1,"45":1,"46":1,"47":1,"48":1,"49":1,"50":1,"51":1,"52":1,"53":1,"54":1,"55":1,"56":1,"57":1,"58":1,"59":1,"60":1,"61":1,"62":1,"63":1,"64":1,"65":1,"66":1,"67":1},"branchMap":{"0":{"type":"branch","line":42,"loc":{"start":{"line":42,"column":72},"end":{"line":44,"column":7}},"locations":[{"start":{"line":42,"column":72},"end":{"line":44,"column":7}}]},"1":{"type":"branch","line":45,"loc":{"start":{"line":45,"column":124},"end":{"line":51,"column":7}},"locations":[{"start":{"line":45,"column":124},"end":{"line":51,"column":7}}]},"2":{"type":"branch","line":52,"loc":{"start":{"line":52,"column":145},"end":{"line":59,"column":7}},"locations":[{"start":{"line":52,"column":145},"end":{"line":59,"column":7}}]},"3":{"type":"branch","line":60,"loc":{"start":{"line":60,"column":125},"end":{"line":67,"column":6}},"locations":[{"start":{"line":60,"column":125},"end":{"line":67,"column":6}}]}},"b":{"0":[1],"1":[1],"2":[1],"3":[1]},"fnMap":{},"f":{}}
,"/Users/hectorzea/dev/frontbuild/frontend/app/profile/layout.tsx": {"path":"/Users/hectorzea/dev/frontbuild/frontend/app/profile/layout.tsx","all":true,"statementMap":{"0":{"start":{"line":1,"column":0},"end":{"line":1,"column":31}},"1":{"start":{"line":2,"column":0},"end":{"line":2,"column":0}},"2":{"start":{"line":3,"column":0},"end":{"line":3,"column":53}},"3":{"start":{"line":4,"column":0},"end":{"line":4,"column":63}},"4":{"start":{"line":5,"column":0},"end":{"line":5,"column":69}},"5":{"start":{"line":6,"column":0},"end":{"line":6,"column":0}},"6":{"start":{"line":7,"column":0},"end":{"line":7,"column":35}},"7":{"start":{"line":8,"column":0},"end":{"line":8,"column":24}},"8":{"start":{"line":9,"column":0},"end":{"line":9,"column":46}},"9":{"start":{"line":10,"column":0},"end":{"line":10,"column":1}},"10":{"start":{"line":11,"column":0},"end":{"line":11,"column":0}},"11":{"start":{"line":12,"column":0},"end":{"line":12,"column":25}},"12":{"start":{"line":13,"column":0},"end":{"line":13,"column":8}},"13":{"start":{"line":14,"column":0},"end":{"line":14,"column":31}},"14":{"start":{"line":15,"column":0},"end":{"line":15,"column":39}},"15":{"start":{"line":16,"column":0},"end":{"line":16,"column":9}},"16":{"start":{"line":17,"column":0},"end":{"line":17,"column":5}},"17":{"start":{"line":18,"column":0},"end":{"line":18,"column":31}},"18":{"start":{"line":19,"column":0},"end":{"line":19,"column":39}},"19":{"start":{"line":20,"column":0},"end":{"line":20,"column":6}},"20":{"start":{"line":21,"column":0},"end":{"line":21,"column":5}},"21":{"start":{"line":22,"column":0},"end":{"line":22,"column":27}},"22":{"start":{"line":23,"column":0},"end":{"line":23,"column":32}},"23":{"start":{"line":24,"column":0},"end":{"line":24,"column":6}},"24":{"start":{"line":25,"column":0},"end":{"line":25,"column":5}},"25":{"start":{"line":26,"column":0},"end":{"line":26,"column":25}},"26":{"start":{"line":27,"column":0},"end":{"line":27,"column":33}},"27":{"start":{"line":28,"column":0},"end":{"line":28,"column":6}},"28":{"start":{"line":29,"column":0},"end":{"line":29,"column":5}},"29":{"start":{"line":30,"column":0},"end":{"line":30,"column":27}},"30":{"start":{"line":31,"column":0},"end":{"line":31,"column":35}},"31":{"start":{"line":32,"column":0},"end":{"line":32,"column":6}},"32":{"start":{"line":33,"column":0},"end":{"line":33,"column":5}},"33":{"start":{"line":34,"column":0},"end":{"line":34,"column":35}},"34":{"start":{"line":35,"column":0},"end":{"line":35,"column":43}},"35":{"start":{"line":36,"column":0},"end":{"line":36,"column":6}},"36":{"start":{"line":37,"column":0},"end":{"line":37,"column":5}},"37":{"start":{"line":38,"column":0},"end":{"line":38,"column":23}},"38":{"start":{"line":39,"column":0},"end":{"line":39,"column":18}},"39":{"start":{"line":40,"column":0},"end":{"line":40,"column":6}},"40":{"start":{"line":41,"column":0},"end":{"line":41,"column":1}},"41":{"start":{"line":42,"column":0},"end":{"line":42,"column":0}},"42":{"start":{"line":43,"column":0},"end":{"line":43,"column":31}},"43":{"start":{"line":44,"column":0},"end":{"line":44,"column":29}},"44":{"start":{"line":45,"column":0},"end":{"line":45,"column":1}},"45":{"start":{"line":46,"column":0},"end":{"line":46,"column":0}},"46":{"start":{"line":47,"column":0},"end":{"line":47,"column":75}},"47":{"start":{"line":48,"column":0},"end":{"line":48,"column":12}},"48":{"start":{"line":49,"column":0},"end":{"line":49,"column":10}},"49":{"start":{"line":50,"column":0},"end":{"line":50,"column":40}},"50":{"start":{"line":51,"column":0},"end":{"line":51,"column":77}},"51":{"start":{"line":52,"column":0},"end":{"line":52,"column":25}},"52":{"start":{"line":53,"column":0},"end":{"line":53,"column":89}},"53":{"start":{"line":54,"column":0},"end":{"line":54,"column":61}},"54":{"start":{"line":55,"column":0},"end":{"line":55,"column":110}},"55":{"start":{"line":56,"column":0},"end":{"line":56,"column":28}},"56":{"start":{"line":57,"column":0},"end":{"line":57,"column":26}},"57":{"start":{"line":58,"column":0},"end":{"line":58,"column":65}},"58":{"start":{"line":59,"column":0},"end":{"line":59,"column":22}},"59":{"start":{"line":60,"column":0},"end":{"line":60,"column":46}},"60":{"start":{"line":61,"column":0},"end":{"line":61,"column":96}},"61":{"start":{"line":62,"column":0},"end":{"line":62,"column":61}},"62":{"start":{"line":63,"column":0},"end":{"line":63,"column":62}},"63":{"start":{"line":64,"column":0},"end":{"line":64,"column":28}},"64":{"start":{"line":65,"column":0},"end":{"line":65,"column":60}},"65":{"start":{"line":66,"column":0},"end":{"line":66,"column":22}},"66":{"start":{"line":67,"column":0},"end":{"line":67,"column":18}},"67":{"start":{"line":68,"column":0},"end":{"line":68,"column":11}},"68":{"start":{"line":69,"column":0},"end":{"line":69,"column":5}},"69":{"start":{"line":70,"column":0},"end":{"line":70,"column":1}}},"s":{"0":0,"1":0,"2":0,"3":0,"4":0,"5":0,"6":0,"7":0,"8":0,"9":0,"10":0,"11":0,"12":0,"13":0,"14":0,"15":0,"16":0,"17":0,"18":0,"19":0,"20":0,"21":0,"22":0,"23":0,"24":0,"25":0,"26":0,"27":0,"28":0,"29":0,"30":0,"31":0,"32":0,"33":0,"34":0,"35":0,"36":0,"37":0,"38":0,"39":0,"40":0,"41":0,"42":0,"43":0,"44":0,"45":0,"46":0,"47":0,"48":0,"49":0,"50":0,"51":0,"52":0,"53":0,"54":0,"55":0,"56":0,"57":0,"58":0,"59":0,"60":0,"61":0,"62":0,"63":0,"64":0,"65":0,"66":0,"67":0,"68":0,"69":0},"branchMap":{"0":{"type":"branch","line":1,"loc":{"start":{"line":1,"column":0},"end":{"line":70,"column":1}},"locations":[{"start":{"line":1,"column":0},"end":{"line":70,"column":1}}]}},"b":{"0":[0]},"fnMap":{"0":{"name":"(empty-report)","decl":{"start":{"line":1,"column":0},"end":{"line":70,"column":1}},"loc":{"start":{"line":1,"column":0},"end":{"line":70,"column":1}},"line":1}},"f":{"0":0}}
,"/Users/hectorzea/dev/frontbuild/frontend/app/profile/page.tsx": {"path":"/Users/hectorzea/dev/frontbuild/frontend/app/profile/page.tsx","all":false,"statementMap":{"0":{"start":{"line":1,"column":0},"end":{"line":1,"column":80}},"1":{"start":{"line":2,"column":0},"end":{"line":2,"column":0}},"2":{"start":{"line":3,"column":0},"end":{"line":3,"column":44}},"3":{"start":{"line":4,"column":0},"end":{"line":4,"column":12}},"4":{"start":{"line":5,"column":0},"end":{"line":5,"column":13}},"5":{"start":{"line":6,"column":0},"end":{"line":6,"column":76}},"6":{"start":{"line":7,"column":0},"end":{"line":7,"column":75}},"7":{"start":{"line":8,"column":0},"end":{"line":8,"column":54}},"8":{"start":{"line":9,"column":0},"end":{"line":9,"column":189}},"9":{"start":{"line":10,"column":0},"end":{"line":10,"column":22}},"10":{"start":{"line":11,"column":0},"end":{"line":11,"column":75}},"11":{"start":{"line":12,"column":0},"end":{"line":12,"column":55}},"12":{"start":{"line":13,"column":0},"end":{"line":13,"column":161}},"13":{"start":{"line":14,"column":0},"end":{"line":14,"column":22}},"14":{"start":{"line":15,"column":0},"end":{"line":15,"column":75}},"15":{"start":{"line":16,"column":0},"end":{"line":16,"column":57}},"16":{"start":{"line":17,"column":0},"end":{"line":17,"column":119}},"17":{"start":{"line":18,"column":0},"end":{"line":18,"column":22}},"18":{"start":{"line":19,"column":0},"end":{"line":19,"column":18}},"19":{"start":{"line":20,"column":0},"end":{"line":20,"column":0}},"20":{"start":{"line":21,"column":0},"end":{"line":21,"column":85}},"21":{"start":{"line":22,"column":0},"end":{"line":22,"column":75}},"22":{"start":{"line":23,"column":0},"end":{"line":23,"column":58}},"23":{"start":{"line":24,"column":0},"end":{"line":24,"column":122}},"24":{"start":{"line":25,"column":0},"end":{"line":25,"column":22}},"25":{"start":{"line":26,"column":0},"end":{"line":26,"column":75}},"26":{"start":{"line":27,"column":0},"end":{"line":27,"column":56}},"27":{"start":{"line":28,"column":0},"end":{"line":28,"column":130}},"28":{"start":{"line":29,"column":0},"end":{"line":29,"column":22}},"29":{"start":{"line":30,"column":0},"end":{"line":30,"column":75}},"30":{"start":{"line":31,"column":0},"end":{"line":31,"column":52}},"31":{"start":{"line":32,"column":0},"end":{"line":32,"column":132}},"32":{"start":{"line":33,"column":0},"end":{"line":33,"column":22}},"33":{"start":{"line":34,"column":0},"end":{"line":34,"column":18}},"34":{"start":{"line":35,"column":0},"end":{"line":35,"column":14}},"35":{"start":{"line":36,"column":0},"end":{"line":36,"column":6}},"36":{"start":{"line":37,"column":0},"end":{"line":37,"column":1}}},"s":{"0":1,"1":1,"2":1,"3":1,"4":1,"5":1,"6":1,"7":1,"8":1,"9":1,"10":1,"11":1,"12":1,"13":1,"14":1,"15":1,"16":1,"17":1,"18":1,"19":1,"20":1,"21":1,"22":1,"23":1,"24":1,"25":1,"26":1,"27":1,"28":1,"29":1,"30":1,"31":1,"32":1,"33":1,"34":1,"35":1,"36":1},"branchMap":{"0":{"type":"branch","line":3,"loc":{"start":{"line":3,"column":15},"end":{"line":37,"column":1}},"locations":[{"start":{"line":3,"column":15},"end":{"line":37,"column":1}}]}},"b":{"0":[1]},"fnMap":{"0":{"name":"ProfileIndexPage","decl":{"start":{"line":3,"column":15},"end":{"line":37,"column":1}},"loc":{"start":{"line":3,"column":15},"end":{"line":37,"column":1}},"line":3}},"f":{"0":1}}
,"/Users/hectorzea/dev/frontbuild/frontend/app/profile/crafting-software/page.tsx": {"path":"/Users/hectorzea/dev/frontbuild/frontend/app/profile/crafting-software/page.tsx","all":true,"statementMap":{"0":{"start":{"line":1,"column":0},"end":{"line":1,"column":54}},"1":{"start":{"line":2,"column":0},"end":{"line":2,"column":12}},"2":{"start":{"line":3,"column":0},"end":{"line":3,"column":10}},"3":{"start":{"line":4,"column":0},"end":{"line":4,"column":116}},"4":{"start":{"line":5,"column":0},"end":{"line":5,"column":43}},"5":{"start":{"line":6,"column":0},"end":{"line":6,"column":178}},"6":{"start":{"line":7,"column":0},"end":{"line":7,"column":174}},"7":{"start":{"line":8,"column":0},"end":{"line":8,"column":150}},"8":{"start":{"line":9,"column":0},"end":{"line":9,"column":30}},"9":{"start":{"line":10,"column":0},"end":{"line":10,"column":27}},"10":{"start":{"line":11,"column":0},"end":{"line":11,"column":93}},"11":{"start":{"line":12,"column":0},"end":{"line":12,"column":146}},"12":{"start":{"line":13,"column":0},"end":{"line":13,"column":21}},"13":{"start":{"line":14,"column":0},"end":{"line":14,"column":43}},"14":{"start":{"line":15,"column":0},"end":{"line":15,"column":176}},"15":{"start":{"line":16,"column":0},"end":{"line":16,"column":180}},"16":{"start":{"line":17,"column":0},"end":{"line":17,"column":373}},"17":{"start":{"line":18,"column":0},"end":{"line":18,"column":30}},"18":{"start":{"line":19,"column":0},"end":{"line":19,"column":27}},"19":{"start":{"line":20,"column":0},"end":{"line":20,"column":100}},"20":{"start":{"line":21,"column":0},"end":{"line":21,"column":43}},"21":{"start":{"line":22,"column":0},"end":{"line":22,"column":185}},"22":{"start":{"line":23,"column":0},"end":{"line":23,"column":21}},"23":{"start":{"line":24,"column":0},"end":{"line":24,"column":43}},"24":{"start":{"line":25,"column":0},"end":{"line":25,"column":176}},"25":{"start":{"line":26,"column":0},"end":{"line":26,"column":180}},"26":{"start":{"line":27,"column":0},"end":{"line":27,"column":292}},"27":{"start":{"line":28,"column":0},"end":{"line":28,"column":30}},"28":{"start":{"line":29,"column":0},"end":{"line":29,"column":27}},"29":{"start":{"line":30,"column":0},"end":{"line":30,"column":119}},"30":{"start":{"line":31,"column":0},"end":{"line":31,"column":169}},"31":{"start":{"line":32,"column":0},"end":{"line":32,"column":21}},"32":{"start":{"line":33,"column":0},"end":{"line":33,"column":43}},"33":{"start":{"line":34,"column":0},"end":{"line":34,"column":176}},"34":{"start":{"line":35,"column":0},"end":{"line":35,"column":180}},"35":{"start":{"line":36,"column":0},"end":{"line":36,"column":292}},"36":{"start":{"line":37,"column":0},"end":{"line":37,"column":30}},"37":{"start":{"line":38,"column":0},"end":{"line":38,"column":27}},"38":{"start":{"line":39,"column":0},"end":{"line":39,"column":110}},"39":{"start":{"line":40,"column":0},"end":{"line":40,"column":154}},"40":{"start":{"line":41,"column":0},"end":{"line":41,"column":21}},"41":{"start":{"line":42,"column":0},"end":{"line":42,"column":43}},"42":{"start":{"line":43,"column":0},"end":{"line":43,"column":176}},"43":{"start":{"line":44,"column":0},"end":{"line":44,"column":180}},"44":{"start":{"line":45,"column":0},"end":{"line":45,"column":292}},"45":{"start":{"line":46,"column":0},"end":{"line":46,"column":30}},"46":{"start":{"line":47,"column":0},"end":{"line":47,"column":27}},"47":{"start":{"line":48,"column":0},"end":{"line":48,"column":82}},"48":{"start":{"line":49,"column":0},"end":{"line":49,"column":162}},"49":{"start":{"line":50,"column":0},"end":{"line":50,"column":21}},"50":{"start":{"line":51,"column":0},"end":{"line":51,"column":37}},"51":{"start":{"line":52,"column":0},"end":{"line":52,"column":176}},"52":{"start":{"line":53,"column":0},"end":{"line":53,"column":180}},"53":{"start":{"line":54,"column":0},"end":{"line":54,"column":309}},"54":{"start":{"line":55,"column":0},"end":{"line":55,"column":30}},"55":{"start":{"line":56,"column":0},"end":{"line":56,"column":27}},"56":{"start":{"line":57,"column":0},"end":{"line":57,"column":87}},"57":{"start":{"line":58,"column":0},"end":{"line":58,"column":113}},"58":{"start":{"line":59,"column":0},"end":{"line":59,"column":21}},"59":{"start":{"line":60,"column":0},"end":{"line":60,"column":0}},"60":{"start":{"line":61,"column":0},"end":{"line":61,"column":17}},"61":{"start":{"line":62,"column":0},"end":{"line":62,"column":0}},"62":{"start":{"line":63,"column":0},"end":{"line":63,"column":11}},"63":{"start":{"line":64,"column":0},"end":{"line":64,"column":6}},"64":{"start":{"line":65,"column":0},"end":{"line":65,"column":1}}},"s":{"0":0,"1":0,"2":0,"3":0,"4":0,"5":0,"6":0,"7":0,"8":0,"9":0,"10":0,"11":0,"12":0,"13":0,"14":0,"15":0,"16":0,"17":0,"18":0,"19":0,"20":0,"21":0,"22":0,"23":0,"24":0,"25":0,"26":0,"27":0,"28":0,"29":0,"30":0,"31":0,"32":0,"33":0,"34":0,"35":0,"36":0,"37":0,"38":0,"39":0,"40":0,"41":0,"42":0,"43":0,"44":0,"45":0,"46":0,"47":0,"48":0,"49":0,"50":0,"51":0,"52":0,"53":0,"54":0,"55":0,"56":0,"57":0,"58":0,"59":0,"60":0,"61":0,"62":0,"63":0,"64":0},"branchMap":{"0":{"type":"branch","line":1,"loc":{"start":{"line":1,"column":0},"end":{"line":65,"column":1}},"locations":[{"start":{"line":1,"column":0},"end":{"line":65,"column":1}}]}},"b":{"0":[0]},"fnMap":{"0":{"name":"(empty-report)","decl":{"start":{"line":1,"column":0},"end":{"line":65,"column":1}},"loc":{"start":{"line":1,"column":0},"end":{"line":65,"column":1}},"line":1}},"f":{"0":0}}
,"/Users/hectorzea/dev/frontbuild/frontend/app/profile/education/page.tsx": {"path":"/Users/hectorzea/dev/frontbuild/frontend/app/profile/education/page.tsx","all":true,"statementMap":{"0":{"start":{"line":1,"column":0},"end":{"line":1,"column":47}},"1":{"start":{"line":2,"column":0},"end":{"line":2,"column":12}},"2":{"start":{"line":3,"column":0},"end":{"line":3,"column":10}},"3":{"start":{"line":4,"column":0},"end":{"line":4,"column":17}},"4":{"start":{"line":5,"column":0},"end":{"line":5,"column":55}},"5":{"start":{"line":6,"column":0},"end":{"line":6,"column":30}},"6":{"start":{"line":7,"column":0},"end":{"line":7,"column":21}},"7":{"start":{"line":8,"column":0},"end":{"line":8,"column":98}},"8":{"start":{"line":9,"column":0},"end":{"line":9,"column":18}},"9":{"start":{"line":10,"column":0},"end":{"line":10,"column":39}},"10":{"start":{"line":11,"column":0},"end":{"line":11,"column":55}},"11":{"start":{"line":12,"column":0},"end":{"line":12,"column":26}},"12":{"start":{"line":13,"column":0},"end":{"line":13,"column":21}},"13":{"start":{"line":14,"column":0},"end":{"line":14,"column":93}},"14":{"start":{"line":15,"column":0},"end":{"line":15,"column":18}},"15":{"start":{"line":16,"column":0},"end":{"line":16,"column":17}},"16":{"start":{"line":17,"column":0},"end":{"line":17,"column":55}},"17":{"start":{"line":18,"column":0},"end":{"line":18,"column":32}},"18":{"start":{"line":19,"column":0},"end":{"line":19,"column":21}},"19":{"start":{"line":20,"column":0},"end":{"line":20,"column":95}},"20":{"start":{"line":21,"column":0},"end":{"line":21,"column":59}},"21":{"start":{"line":22,"column":0},"end":{"line":22,"column":66}},"22":{"start":{"line":23,"column":0},"end":{"line":23,"column":59}},"23":{"start":{"line":24,"column":0},"end":{"line":24,"column":71}},"24":{"start":{"line":25,"column":0},"end":{"line":25,"column":55}},"25":{"start":{"line":26,"column":0},"end":{"line":26,"column":93}},"26":{"start":{"line":27,"column":0},"end":{"line":27,"column":21}},"27":{"start":{"line":28,"column":0},"end":{"line":28,"column":18}},"28":{"start":{"line":29,"column":0},"end":{"line":29,"column":11}},"29":{"start":{"line":30,"column":0},"end":{"line":30,"column":6}},"30":{"start":{"line":31,"column":0},"end":{"line":31,"column":1}}},"s":{"0":0,"1":0,"2":0,"3":0,"4":0,"5":0,"6":0,"7":0,"8":0,"9":0,"10":0,"11":0,"12":0,"13":0,"14":0,"15":0,"16":0,"17":0,"18":0,"19":0,"20":0,"21":0,"22":0,"23":0,"24":0,"25":0,"26":0,"27":0,"28":0,"29":0,"30":0},"branchMap":{"0":{"type":"branch","line":1,"loc":{"start":{"line":1,"column":0},"end":{"line":31,"column":1}},"locations":[{"start":{"line":1,"column":0},"end":{"line":31,"column":1}}]}},"b":{"0":[0]},"fnMap":{"0":{"name":"(empty-report)","decl":{"start":{"line":1,"column":0},"end":{"line":31,"column":1}},"loc":{"start":{"line":1,"column":0},"end":{"line":31,"column":1}},"line":1}},"f":{"0":0}}
,"/Users/hectorzea/dev/frontbuild/frontend/app/profile/interviews/page.tsx": {"path":"/Users/hectorzea/dev/frontbuild/frontend/app/profile/interviews/page.tsx","all":true,"statementMap":{"0":{"start":{"line":1,"column":0},"end":{"line":1,"column":0}},"1":{"start":{"line":2,"column":0},"end":{"line":2,"column":43}},"2":{"start":{"line":3,"column":0},"end":{"line":3,"column":29}},"3":{"start":{"line":4,"column":0},"end":{"line":4,"column":25}},"4":{"start":{"line":5,"column":0},"end":{"line":5,"column":0}},"5":{"start":{"line":6,"column":0},"end":{"line":6,"column":48}},"6":{"start":{"line":7,"column":0},"end":{"line":7,"column":30}},"7":{"start":{"line":8,"column":0},"end":{"line":8,"column":45}},"8":{"start":{"line":9,"column":0},"end":{"line":9,"column":0}},"9":{"start":{"line":10,"column":0},"end":{"line":10,"column":12}},"10":{"start":{"line":11,"column":0},"end":{"line":11,"column":10}},"11":{"start":{"line":12,"column":0},"end":{"line":12,"column":57}},"12":{"start":{"line":13,"column":0},"end":{"line":13,"column":17}},"13":{"start":{"line":14,"column":0},"end":{"line":14,"column":20}},"14":{"start":{"line":15,"column":0},"end":{"line":15,"column":52}},"15":{"start":{"line":16,"column":0},"end":{"line":16,"column":47}},"16":{"start":{"line":17,"column":0},"end":{"line":17,"column":71}},"17":{"start":{"line":18,"column":0},"end":{"line":18,"column":41}},"18":{"start":{"line":19,"column":0},"end":{"line":19,"column":62}},"19":{"start":{"line":20,"column":0},"end":{"line":20,"column":62}},"20":{"start":{"line":21,"column":0},"end":{"line":21,"column":67}},"21":{"start":{"line":22,"column":0},"end":{"line":22,"column":42}},"22":{"start":{"line":23,"column":0},"end":{"line":23,"column":35}},"23":{"start":{"line":24,"column":0},"end":{"line":24,"column":29}},"24":{"start":{"line":25,"column":0},"end":{"line":25,"column":23}},"25":{"start":{"line":26,"column":0},"end":{"line":26,"column":21}},"26":{"start":{"line":27,"column":0},"end":{"line":27,"column":18}},"27":{"start":{"line":28,"column":0},"end":{"line":28,"column":12}},"28":{"start":{"line":29,"column":0},"end":{"line":29,"column":6}},"29":{"start":{"line":30,"column":0},"end":{"line":30,"column":1}}},"s":{"0":0,"1":0,"2":0,"3":0,"4":0,"5":0,"6":0,"7":0,"8":0,"9":0,"10":0,"11":0,"12":0,"13":0,"14":0,"15":0,"16":0,"17":0,"18":0,"19":0,"20":0,"21":0,"22":0,"23":0,"24":0,"25":0,"26":0,"27":0,"28":0,"29":0},"branchMap":{"0":{"type":"branch","line":1,"loc":{"start":{"line":1,"column":0},"end":{"line":30,"column":1}},"locations":[{"start":{"line":1,"column":0},"end":{"line":30,"column":1}}]}},"b":{"0":[0]},"fnMap":{"0":{"name":"(empty-report)","decl":{"start":{"line":1,"column":0},"end":{"line":30,"column":1}},"loc":{"start":{"line":1,"column":0},"end":{"line":30,"column":1}},"line":1}},"f":{"0":0}}
,"/Users/hectorzea/dev/frontbuild/frontend/app/profile/interviews/[id]/page.tsx": {"path":"/Users/hectorzea/dev/frontbuild/frontend/app/profile/interviews/[id]/page.tsx","all":true,"statementMap":{"0":{"start":{"line":1,"column":0},"end":{"line":1,"column":64}},"1":{"start":{"line":2,"column":0},"end":{"line":2,"column":46}},"2":{"start":{"line":3,"column":0},"end":{"line":3,"column":0}},"3":{"start":{"line":4,"column":0},"end":{"line":4,"column":47}},"4":{"start":{"line":5,"column":0},"end":{"line":5,"column":0}},"5":{"start":{"line":6,"column":0},"end":{"line":6,"column":0}},"6":{"start":{"line":7,"column":0},"end":{"line":7,"column":52}},"7":{"start":{"line":8,"column":0},"end":{"line":8,"column":0}},"8":{"start":{"line":9,"column":0},"end":{"line":9,"column":58}},"9":{"start":{"line":10,"column":0},"end":{"line":10,"column":24}},"10":{"start":{"line":11,"column":0},"end":{"line":11,"column":22}},"11":{"start":{"line":12,"column":0},"end":{"line":12,"column":8}},"12":{"start":{"line":13,"column":0},"end":{"line":13,"column":0}},"13":{"start":{"line":14,"column":0},"end":{"line":14,"column":12}},"14":{"start":{"line":15,"column":0},"end":{"line":15,"column":17}},"15":{"start":{"line":16,"column":0},"end":{"line":16,"column":15}},"16":{"start":{"line":17,"column":0},"end":{"line":17,"column":18}},"17":{"start":{"line":18,"column":0},"end":{"line":18,"column":6}},"18":{"start":{"line":19,"column":0},"end":{"line":19,"column":1}},"19":{"start":{"line":20,"column":0},"end":{"line":20,"column":0}},"20":{"start":{"line":21,"column":0},"end":{"line":21,"column":54}},"21":{"start":{"line":22,"column":0},"end":{"line":22,"column":49}},"22":{"start":{"line":23,"column":0},"end":{"line":23,"column":48}},"23":{"start":{"line":24,"column":0},"end":{"line":24,"column":46}},"24":{"start":{"line":25,"column":0},"end":{"line":25,"column":28}},"25":{"start":{"line":26,"column":0},"end":{"line":26,"column":11}},"26":{"start":{"line":27,"column":0},"end":{"line":27,"column":4}}},"s":{"0":0,"1":0,"2":0,"3":0,"4":0,"5":0,"6":0,"7":0,"8":0,"9":0,"10":0,"11":0,"12":0,"13":0,"14":0,"15":0,"16":0,"17":0,"18":0,"19":0,"20":0,"21":0,"22":0,"23":0,"24":0,"25":0,"26":0},"branchMap":{"0":{"type":"branch","line":1,"loc":{"start":{"line":1,"column":0},"end":{"line":27,"column":4}},"locations":[{"start":{"line":1,"column":0},"end":{"line":27,"column":4}}]}},"b":{"0":[0]},"fnMap":{"0":{"name":"(empty-report)","decl":{"start":{"line":1,"column":0},"end":{"line":27,"column":4}},"loc":{"start":{"line":1,"column":0},"end":{"line":27,"column":4}},"line":1}},"f":{"0":0}}
,"/Users/hectorzea/dev/frontbuild/frontend/app/profile/personal-info/page.tsx": {"path":"/Users/hectorzea/dev/frontbuild/frontend/app/profile/personal-info/page.tsx","all":true,"statementMap":{"0":{"start":{"line":1,"column":0},"end":{"line":1,"column":50}},"1":{"start":{"line":2,"column":0},"end":{"line":2,"column":12}},"2":{"start":{"line":3,"column":0},"end":{"line":3,"column":10}},"3":{"start":{"line":4,"column":0},"end":{"line":4,"column":17}},"4":{"start":{"line":5,"column":0},"end":{"line":5,"column":55}},"5":{"start":{"line":6,"column":0},"end":{"line":6,"column":24}},"6":{"start":{"line":7,"column":0},"end":{"line":7,"column":21}},"7":{"start":{"line":8,"column":0},"end":{"line":8,"column":92}},"8":{"start":{"line":9,"column":0},"end":{"line":9,"column":18}},"9":{"start":{"line":10,"column":0},"end":{"line":10,"column":17}},"10":{"start":{"line":11,"column":0},"end":{"line":11,"column":55}},"11":{"start":{"line":12,"column":0},"end":{"line":12,"column":25}},"12":{"start":{"line":13,"column":0},"end":{"line":13,"column":21}},"13":{"start":{"line":14,"column":0},"end":{"line":14,"column":81}},"14":{"start":{"line":15,"column":0},"end":{"line":15,"column":18}},"15":{"start":{"line":16,"column":0},"end":{"line":16,"column":17}},"16":{"start":{"line":17,"column":0},"end":{"line":17,"column":55}},"17":{"start":{"line":18,"column":0},"end":{"line":18,"column":31}},"18":{"start":{"line":19,"column":0},"end":{"line":19,"column":21}},"19":{"start":{"line":20,"column":0},"end":{"line":20,"column":73}},"20":{"start":{"line":21,"column":0},"end":{"line":21,"column":18}},"21":{"start":{"line":22,"column":0},"end":{"line":22,"column":17}},"22":{"start":{"line":23,"column":0},"end":{"line":23,"column":55}},"23":{"start":{"line":24,"column":0},"end":{"line":24,"column":35}},"24":{"start":{"line":25,"column":0},"end":{"line":25,"column":21}},"25":{"start":{"line":26,"column":0},"end":{"line":26,"column":79}},"26":{"start":{"line":27,"column":0},"end":{"line":27,"column":18}},"27":{"start":{"line":28,"column":0},"end":{"line":28,"column":17}},"28":{"start":{"line":29,"column":0},"end":{"line":29,"column":60}},"29":{"start":{"line":30,"column":0},"end":{"line":30,"column":50}},"30":{"start":{"line":31,"column":0},"end":{"line":31,"column":21}},"31":{"start":{"line":32,"column":0},"end":{"line":32,"column":106}},"32":{"start":{"line":33,"column":0},"end":{"line":33,"column":183}},"33":{"start":{"line":34,"column":0},"end":{"line":34,"column":171}},"34":{"start":{"line":35,"column":0},"end":{"line":35,"column":21}},"35":{"start":{"line":36,"column":0},"end":{"line":36,"column":18}},"36":{"start":{"line":37,"column":0},"end":{"line":37,"column":11}},"37":{"start":{"line":38,"column":0},"end":{"line":38,"column":6}},"38":{"start":{"line":39,"column":0},"end":{"line":39,"column":1}}},"s":{"0":0,"1":0,"2":0,"3":0,"4":0,"5":0,"6":0,"7":0,"8":0,"9":0,"10":0,"11":0,"12":0,"13":0,"14":0,"15":0,"16":0,"17":0,"18":0,"19":0,"20":0,"21":0,"22":0,"23":0,"24":0,"25":0,"26":0,"27":0,"28":0,"29":0,"30":0,"31":0,"32":0,"33":0,"34":0,"35":0,"36":0,"37":0,"38":0},"branchMap":{"0":{"type":"branch","line":1,"loc":{"start":{"line":1,"column":0},"end":{"line":39,"column":1}},"locations":[{"start":{"line":1,"column":0},"end":{"line":39,"column":1}}]}},"b":{"0":[0]},"fnMap":{"0":{"name":"(empty-report)","decl":{"start":{"line":1,"column":0},"end":{"line":39,"column":1}},"loc":{"start":{"line":1,"column":0},"end":{"line":39,"column":1}},"line":1}},"f":{"0":0}}
,"/Users/hectorzea/dev/frontbuild/frontend/app/profile/skills/page.tsx": {"path":"/Users/hectorzea/dev/frontbuild/frontend/app/profile/skills/page.tsx","all":true,"statementMap":{"0":{"start":{"line":1,"column":0},"end":{"line":1,"column":0}},"1":{"start":{"line":2,"column":0},"end":{"line":2,"column":25}},"2":{"start":{"line":3,"column":0},"end":{"line":3,"column":0}},"3":{"start":{"line":4,"column":0},"end":{"line":4,"column":44}},"4":{"start":{"line":5,"column":0},"end":{"line":5,"column":0}},"5":{"start":{"line":6,"column":0},"end":{"line":6,"column":12}},"6":{"start":{"line":7,"column":0},"end":{"line":7,"column":10}},"7":{"start":{"line":8,"column":0},"end":{"line":8,"column":17}},"8":{"start":{"line":9,"column":0},"end":{"line":9,"column":123}},"9":{"start":{"line":10,"column":0},"end":{"line":10,"column":57}},"10":{"start":{"line":11,"column":0},"end":{"line":11,"column":21}},"11":{"start":{"line":12,"column":0},"end":{"line":12,"column":136}},"12":{"start":{"line":13,"column":0},"end":{"line":13,"column":121}},"13":{"start":{"line":14,"column":0},"end":{"line":14,"column":107}},"14":{"start":{"line":15,"column":0},"end":{"line":15,"column":95}},"15":{"start":{"line":16,"column":0},"end":{"line":16,"column":103}},"16":{"start":{"line":17,"column":0},"end":{"line":17,"column":82}},"17":{"start":{"line":18,"column":0},"end":{"line":18,"column":18}},"18":{"start":{"line":19,"column":0},"end":{"line":19,"column":35}},"19":{"start":{"line":20,"column":0},"end":{"line":20,"column":123}},"20":{"start":{"line":21,"column":0},"end":{"line":21,"column":60}},"21":{"start":{"line":22,"column":0},"end":{"line":22,"column":21}},"22":{"start":{"line":23,"column":0},"end":{"line":23,"column":135}},"23":{"start":{"line":24,"column":0},"end":{"line":24,"column":114}},"24":{"start":{"line":25,"column":0},"end":{"line":25,"column":98}},"25":{"start":{"line":26,"column":0},"end":{"line":26,"column":95}},"26":{"start":{"line":27,"column":0},"end":{"line":27,"column":104}},"27":{"start":{"line":28,"column":0},"end":{"line":28,"column":103}},"28":{"start":{"line":29,"column":0},"end":{"line":29,"column":50}},"29":{"start":{"line":30,"column":0},"end":{"line":30,"column":18}},"30":{"start":{"line":31,"column":0},"end":{"line":31,"column":35}},"31":{"start":{"line":32,"column":0},"end":{"line":32,"column":123}},"32":{"start":{"line":33,"column":0},"end":{"line":33,"column":58}},"33":{"start":{"line":34,"column":0},"end":{"line":34,"column":21}},"34":{"start":{"line":35,"column":0},"end":{"line":35,"column":133}},"35":{"start":{"line":36,"column":0},"end":{"line":36,"column":117}},"36":{"start":{"line":37,"column":0},"end":{"line":37,"column":104}},"37":{"start":{"line":38,"column":0},"end":{"line":38,"column":111}},"38":{"start":{"line":39,"column":0},"end":{"line":39,"column":18}},"39":{"start":{"line":40,"column":0},"end":{"line":40,"column":35}},"40":{"start":{"line":41,"column":0},"end":{"line":41,"column":123}},"41":{"start":{"line":42,"column":0},"end":{"line":42,"column":57}},"42":{"start":{"line":43,"column":0},"end":{"line":43,"column":21}},"43":{"start":{"line":44,"column":0},"end":{"line":44,"column":133}},"44":{"start":{"line":45,"column":0},"end":{"line":45,"column":117}},"45":{"start":{"line":46,"column":0},"end":{"line":46,"column":104}},"46":{"start":{"line":47,"column":0},"end":{"line":47,"column":111}},"47":{"start":{"line":48,"column":0},"end":{"line":48,"column":18}},"48":{"start":{"line":49,"column":0},"end":{"line":49,"column":11}},"49":{"start":{"line":50,"column":0},"end":{"line":50,"column":6}},"50":{"start":{"line":51,"column":0},"end":{"line":51,"column":1}}},"s":{"0":0,"1":0,"2":0,"3":0,"4":0,"5":0,"6":0,"7":0,"8":0,"9":0,"10":0,"11":0,"12":0,"13":0,"14":0,"15":0,"16":0,"17":0,"18":0,"19":0,"20":0,"21":0,"22":0,"23":0,"24":0,"25":0,"26":0,"27":0,"28":0,"29":0,"30":0,"31":0,"32":0,"33":0,"34":0,"35":0,"36":0,"37":0,"38":0,"39":0,"40":0,"41":0,"42":0,"43":0,"44":0,"45":0,"46":0,"47":0,"48":0,"49":0,"50":0},"branchMap":{"0":{"type":"branch","line":1,"loc":{"start":{"line":1,"column":0},"end":{"line":51,"column":1}},"locations":[{"start":{"line":1,"column":0},"end":{"line":51,"column":1}}]}},"b":{"0":[0]},"fnMap":{"0":{"name":"(empty-report)","decl":{"start":{"line":1,"column":0},"end":{"line":51,"column":1}},"loc":{"start":{"line":1,"column":0},"end":{"line":51,"column":1}},"line":1}},"f":{"0":0}}
,"/Users/hectorzea/dev/frontbuild/frontend/app/profile/testing/page.tsx": {"path":"/Users/hectorzea/dev/frontbuild/frontend/app/profile/testing/page.tsx","all":true,"statementMap":{"0":{"start":{"line":1,"column":0},"end":{"line":1,"column":45}},"1":{"start":{"line":2,"column":0},"end":{"line":2,"column":12}},"2":{"start":{"line":3,"column":0},"end":{"line":3,"column":10}},"3":{"start":{"line":4,"column":0},"end":{"line":4,"column":116}},"4":{"start":{"line":5,"column":0},"end":{"line":5,"column":43}},"5":{"start":{"line":6,"column":0},"end":{"line":6,"column":178}},"6":{"start":{"line":7,"column":0},"end":{"line":7,"column":174}},"7":{"start":{"line":8,"column":0},"end":{"line":8,"column":150}},"8":{"start":{"line":9,"column":0},"end":{"line":9,"column":30}},"9":{"start":{"line":10,"column":0},"end":{"line":10,"column":27}},"10":{"start":{"line":11,"column":0},"end":{"line":11,"column":106}},"11":{"start":{"line":12,"column":0},"end":{"line":12,"column":236}},"12":{"start":{"line":13,"column":0},"end":{"line":13,"column":21}},"13":{"start":{"line":14,"column":0},"end":{"line":14,"column":43}},"14":{"start":{"line":15,"column":0},"end":{"line":15,"column":176}},"15":{"start":{"line":16,"column":0},"end":{"line":16,"column":180}},"16":{"start":{"line":17,"column":0},"end":{"line":17,"column":373}},"17":{"start":{"line":18,"column":0},"end":{"line":18,"column":30}},"18":{"start":{"line":19,"column":0},"end":{"line":19,"column":27}},"19":{"start":{"line":20,"column":0},"end":{"line":20,"column":90}},"20":{"start":{"line":21,"column":0},"end":{"line":21,"column":236}},"21":{"start":{"line":22,"column":0},"end":{"line":22,"column":21}},"22":{"start":{"line":23,"column":0},"end":{"line":23,"column":43}},"23":{"start":{"line":24,"column":0},"end":{"line":24,"column":176}},"24":{"start":{"line":25,"column":0},"end":{"line":25,"column":180}},"25":{"start":{"line":26,"column":0},"end":{"line":26,"column":292}},"26":{"start":{"line":27,"column":0},"end":{"line":27,"column":30}},"27":{"start":{"line":28,"column":0},"end":{"line":28,"column":27}},"28":{"start":{"line":29,"column":0},"end":{"line":29,"column":99}},"29":{"start":{"line":30,"column":0},"end":{"line":30,"column":161}},"30":{"start":{"line":31,"column":0},"end":{"line":31,"column":21}},"31":{"start":{"line":32,"column":0},"end":{"line":32,"column":43}},"32":{"start":{"line":33,"column":0},"end":{"line":33,"column":176}},"33":{"start":{"line":34,"column":0},"end":{"line":34,"column":180}},"34":{"start":{"line":35,"column":0},"end":{"line":35,"column":292}},"35":{"start":{"line":36,"column":0},"end":{"line":36,"column":30}},"36":{"start":{"line":37,"column":0},"end":{"line":37,"column":27}},"37":{"start":{"line":38,"column":0},"end":{"line":38,"column":99}},"38":{"start":{"line":39,"column":0},"end":{"line":39,"column":144}},"39":{"start":{"line":40,"column":0},"end":{"line":40,"column":21}},"40":{"start":{"line":41,"column":0},"end":{"line":41,"column":43}},"41":{"start":{"line":42,"column":0},"end":{"line":42,"column":176}},"42":{"start":{"line":43,"column":0},"end":{"line":43,"column":180}},"43":{"start":{"line":44,"column":0},"end":{"line":44,"column":292}},"44":{"start":{"line":45,"column":0},"end":{"line":45,"column":30}},"45":{"start":{"line":46,"column":0},"end":{"line":46,"column":27}},"46":{"start":{"line":47,"column":0},"end":{"line":47,"column":89}},"47":{"start":{"line":48,"column":0},"end":{"line":48,"column":122}},"48":{"start":{"line":49,"column":0},"end":{"line":49,"column":21}},"49":{"start":{"line":50,"column":0},"end":{"line":50,"column":37}},"50":{"start":{"line":51,"column":0},"end":{"line":51,"column":176}},"51":{"start":{"line":52,"column":0},"end":{"line":52,"column":180}},"52":{"start":{"line":53,"column":0},"end":{"line":53,"column":309}},"53":{"start":{"line":54,"column":0},"end":{"line":54,"column":30}},"54":{"start":{"line":55,"column":0},"end":{"line":55,"column":27}},"55":{"start":{"line":56,"column":0},"end":{"line":56,"column":98}},"56":{"start":{"line":57,"column":0},"end":{"line":57,"column":102}},"57":{"start":{"line":58,"column":0},"end":{"line":58,"column":21}},"58":{"start":{"line":59,"column":0},"end":{"line":59,"column":17}},"59":{"start":{"line":60,"column":0},"end":{"line":60,"column":11}},"60":{"start":{"line":61,"column":0},"end":{"line":61,"column":6}},"61":{"start":{"line":62,"column":0},"end":{"line":62,"column":1}}},"s":{"0":0,"1":0,"2":0,"3":0,"4":0,"5":0,"6":0,"7":0,"8":0,"9":0,"10":0,"11":0,"12":0,"13":0,"14":0,"15":0,"16":0,"17":0,"18":0,"19":0,"20":0,"21":0,"22":0,"23":0,"24":0,"25":0,"26":0,"27":0,"28":0,"29":0,"30":0,"31":0,"32":0,"33":0,"34":0,"35":0,"36":0,"37":0,"38":0,"39":0,"40":0,"41":0,"42":0,"43":0,"44":0,"45":0,"46":0,"47":0,"48":0,"49":0,"50":0,"51":0,"52":0,"53":0,"54":0,"55":0,"56":0,"57":0,"58":0,"59":0,"60":0,"61":0},"branchMap":{"0":{"type":"branch","line":1,"loc":{"start":{"line":1,"column":0},"end":{"line":62,"column":1}},"locations":[{"start":{"line":1,"column":0},"end":{"line":62,"column":1}}]}},"b":{"0":[0]},"fnMap":{"0":{"name":"(empty-report)","decl":{"start":{"line":1,"column":0},"end":{"line":62,"column":1}},"loc":{"start":{"line":1,"column":0},"end":{"line":62,"column":1}},"line":1}},"f":{"0":0}}
,"/Users/hectorzea/dev/frontbuild/frontend/app/schemas/index.tsx": {"path":"/Users/hectorzea/dev/frontbuild/frontend/app/schemas/index.tsx","all":false,"statementMap":{"0":{"start":{"line":1,"column":0},"end":{"line":1,"column":24}},"1":{"start":{"line":2,"column":0},"end":{"line":2,"column":102}},"2":{"start":{"line":3,"column":0},"end":{"line":3,"column":0}},"3":{"start":{"line":4,"column":0},"end":{"line":4,"column":58}},"4":{"start":{"line":5,"column":0},"end":{"line":5,"column":29}},"5":{"start":{"line":6,"column":0},"end":{"line":6,"column":63}},"6":{"start":{"line":7,"column":0},"end":{"line":7,"column":69}},"7":{"start":{"line":8,"column":0},"end":{"line":8,"column":66}},"8":{"start":{"line":9,"column":0},"end":{"line":9,"column":75}},"9":{"start":{"line":10,"column":0},"end":{"line":10,"column":3}},"10":{"start":{"line":11,"column":0},"end":{"line":11,"column":0}},"11":{"start":{"line":12,"column":0},"end":{"line":12,"column":46}}},"s":{"0":1,"1":1,"2":1,"3":1,"4":1,"5":1,"6":1,"7":1,"8":1,"9":1,"10":1,"11":1},"branchMap":{},"b":{},"fnMap":{},"f":{}}
,"/Users/hectorzea/dev/frontbuild/frontend/components/frontbuild/ConfirmationDialog/index.tsx": {"path":"/Users/hectorzea/dev/frontbuild/frontend/components/frontbuild/ConfirmationDialog/index.tsx","all":false,"statementMap":{"0":{"start":{"line":1,"column":0},"end":{"line":1,"column":8}},"1":{"start":{"line":2,"column":0},"end":{"line":2,"column":16}},"2":{"start":{"line":3,"column":0},"end":{"line":3,"column":22}},"3":{"start":{"line":4,"column":0},"end":{"line":4,"column":22}},"4":{"start":{"line":5,"column":0},"end":{"line":5,"column":23}},"5":{"start":{"line":6,"column":0},"end":{"line":6,"column":27}},"6":{"start":{"line":7,"column":0},"end":{"line":7,"column":22}},"7":{"start":{"line":8,"column":0},"end":{"line":8,"column":22}},"8":{"start":{"line":9,"column":0},"end":{"line":9,"column":21}},"9":{"start":{"line":10,"column":0},"end":{"line":10,"column":37}},"10":{"start":{"line":11,"column":0},"end":{"line":11,"column":0}},"11":{"start":{"line":12,"column":0},"end":{"line":12,"column":28}},"12":{"start":{"line":13,"column":0},"end":{"line":13,"column":17}},"13":{"start":{"line":14,"column":0},"end":{"line":14,"column":41}},"14":{"start":{"line":15,"column":0},"end":{"line":15,"column":24}},"15":{"start":{"line":16,"column":0},"end":{"line":16,"column":1}},"16":{"start":{"line":17,"column":0},"end":{"line":17,"column":0}},"17":{"start":{"line":18,"column":0},"end":{"line":18,"column":0}},"18":{"start":{"line":19,"column":0},"end":{"line":19,"column":101}},"19":{"start":{"line":20,"column":0},"end":{"line":20,"column":0}},"20":{"start":{"line":21,"column":0},"end":{"line":21,"column":12}},"21":{"start":{"line":22,"column":0},"end":{"line":22,"column":61}},"22":{"start":{"line":23,"column":0},"end":{"line":23,"column":32}},"23":{"start":{"line":24,"column":0},"end":{"line":24,"column":35}},"24":{"start":{"line":25,"column":0},"end":{"line":25,"column":81}},"25":{"start":{"line":26,"column":0},"end":{"line":26,"column":44}},"26":{"start":{"line":27,"column":0},"end":{"line":27,"column":109}},"27":{"start":{"line":28,"column":0},"end":{"line":28,"column":45}},"28":{"start":{"line":29,"column":0},"end":{"line":29,"column":36}},"29":{"start":{"line":30,"column":0},"end":{"line":30,"column":35}},"30":{"start":{"line":31,"column":0},"end":{"line":31,"column":65}},"31":{"start":{"line":32,"column":0},"end":{"line":32,"column":86}},"32":{"start":{"line":33,"column":0},"end":{"line":33,"column":36}},"33":{"start":{"line":34,"column":0},"end":{"line":34,"column":33}},"34":{"start":{"line":35,"column":0},"end":{"line":35,"column":22}},"35":{"start":{"line":36,"column":0},"end":{"line":36,"column":5}},"36":{"start":{"line":37,"column":0},"end":{"line":37,"column":1}}},"s":{"0":1,"1":1,"2":1,"3":1,"4":1,"5":1,"6":1,"7":1,"8":1,"9":1,"10":1,"11":1,"12":1,"13":1,"14":1,"15":1,"16":1,"17":1,"18":1,"19":6,"20":6,"21":6,"22":6,"23":6,"24":6,"25":6,"26":6,"27":6,"28":6,"29":6,"30":6,"31":6,"32":6,"33":6,"34":6,"35":6,"36":6},"branchMap":{"0":{"type":"branch","line":19,"loc":{"start":{"line":19,"column":62},"end":{"line":37,"column":1}},"locations":[{"start":{"line":19,"column":62},"end":{"line":37,"column":1}}]}},"b":{"0":[6]},"fnMap":{"0":{"name":"ConfirmationDialog","decl":{"start":{"line":19,"column":62},"end":{"line":37,"column":1}},"loc":{"start":{"line":19,"column":62},"end":{"line":37,"column":1}},"line":19}},"f":{"0":6}}
,"/Users/hectorzea/dev/frontbuild/frontend/components/frontbuild/DataTable/Columns.tsx": {"path":"/Users/hectorzea/dev/frontbuild/frontend/components/frontbuild/DataTable/Columns.tsx","all":false,"statementMap":{"0":{"start":{"line":1,"column":0},"end":{"line":1,"column":12}},"1":{"start":{"line":2,"column":0},"end":{"line":2,"column":49}},"2":{"start":{"line":3,"column":0},"end":{"line":3,"column":59}},"3":{"start":{"line":4,"column":0},"end":{"line":4,"column":51}},"4":{"start":{"line":5,"column":0},"end":{"line":5,"column":36}},"5":{"start":{"line":6,"column":0},"end":{"line":6,"column":63}},"6":{"start":{"line":7,"column":0},"end":{"line":7,"column":59}},"7":{"start":{"line":8,"column":0},"end":{"line":8,"column":83}},"8":{"start":{"line":9,"column":0},"end":{"line":9,"column":37}},"9":{"start":{"line":10,"column":0},"end":{"line":10,"column":46}},"10":{"start":{"line":11,"column":0},"end":{"line":11,"column":0}},"11":{"start":{"line":12,"column":0},"end":{"line":12,"column":43}},"12":{"start":{"line":13,"column":0},"end":{"line":13,"column":3}},"13":{"start":{"line":14,"column":0},"end":{"line":14,"column":17}},"14":{"start":{"line":15,"column":0},"end":{"line":15,"column":28}},"15":{"start":{"line":16,"column":0},"end":{"line":16,"column":15}},"16":{"start":{"line":17,"column":0},"end":{"line":17,"column":17}},"17":{"start":{"line":18,"column":0},"end":{"line":18,"column":45}},"18":{"start":{"line":19,"column":0},"end":{"line":19,"column":64}},"19":{"start":{"line":20,"column":0},"end":{"line":20,"column":9}},"20":{"start":{"line":21,"column":0},"end":{"line":21,"column":77}},"21":{"start":{"line":22,"column":0},"end":{"line":22,"column":31}},"22":{"start":{"line":23,"column":0},"end":{"line":23,"column":37}},"23":{"start":{"line":24,"column":0},"end":{"line":24,"column":8}},"24":{"start":{"line":25,"column":0},"end":{"line":25,"column":6}},"25":{"start":{"line":26,"column":0},"end":{"line":26,"column":24}},"26":{"start":{"line":27,"column":0},"end":{"line":27,"column":15}},"27":{"start":{"line":28,"column":0},"end":{"line":28,"column":37}},"28":{"start":{"line":29,"column":0},"end":{"line":29,"column":64}},"29":{"start":{"line":30,"column":0},"end":{"line":30,"column":31}},"30":{"start":{"line":31,"column":0},"end":{"line":31,"column":37}},"31":{"start":{"line":32,"column":0},"end":{"line":32,"column":8}},"32":{"start":{"line":33,"column":0},"end":{"line":33,"column":6}},"33":{"start":{"line":34,"column":0},"end":{"line":34,"column":25}},"34":{"start":{"line":35,"column":0},"end":{"line":35,"column":24}},"35":{"start":{"line":36,"column":0},"end":{"line":36,"column":4}},"36":{"start":{"line":37,"column":0},"end":{"line":37,"column":25}},"37":{"start":{"line":38,"column":0},"end":{"line":38,"column":6}},"38":{"start":{"line":39,"column":0},"end":{"line":39,"column":26}},"39":{"start":{"line":40,"column":0},"end":{"line":40,"column":32}},"40":{"start":{"line":41,"column":0},"end":{"line":41,"column":63}},"41":{"start":{"line":42,"column":0},"end":{"line":42,"column":9}},"42":{"start":{"line":43,"column":0},"end":{"line":43,"column":27}},"43":{"start":{"line":44,"column":0},"end":{"line":44,"column":25}},"44":{"start":{"line":45,"column":0},"end":{"line":45,"column":69}},"45":{"start":{"line":46,"column":0},"end":{"line":46,"column":9}},"46":{"start":{"line":47,"column":0},"end":{"line":47,"column":28}},"47":{"start":{"line":48,"column":0},"end":{"line":48,"column":27}},"48":{"start":{"line":49,"column":0},"end":{"line":49,"column":7}},"49":{"start":{"line":50,"column":0},"end":{"line":50,"column":3}},"50":{"start":{"line":51,"column":0},"end":{"line":51,"column":25}},"51":{"start":{"line":52,"column":0},"end":{"line":52,"column":29}},"52":{"start":{"line":53,"column":0},"end":{"line":53,"column":61}},"53":{"start":{"line":54,"column":0},"end":{"line":54,"column":6}},"54":{"start":{"line":55,"column":0},"end":{"line":55,"column":24}},"55":{"start":{"line":56,"column":0},"end":{"line":56,"column":75}},"56":{"start":{"line":57,"column":0},"end":{"line":57,"column":0}},"57":{"start":{"line":58,"column":0},"end":{"line":58,"column":14}},"58":{"start":{"line":59,"column":0},"end":{"line":59,"column":40}},"59":{"start":{"line":60,"column":0},"end":{"line":60,"column":93}},"60":{"start":{"line":61,"column":0},"end":{"line":61,"column":70}},"61":{"start":{"line":62,"column":0},"end":{"line":62,"column":35}},"62":{"start":{"line":63,"column":0},"end":{"line":63,"column":17}},"63":{"start":{"line":64,"column":0},"end":{"line":64,"column":14}},"64":{"start":{"line":65,"column":0},"end":{"line":65,"column":7}},"65":{"start":{"line":66,"column":0},"end":{"line":66,"column":6}},"66":{"start":{"line":67,"column":0},"end":{"line":67,"column":4}},"67":{"start":{"line":68,"column":0},"end":{"line":68,"column":3}},"68":{"start":{"line":69,"column":0},"end":{"line":69,"column":26}},"69":{"start":{"line":70,"column":0},"end":{"line":70,"column":29}},"70":{"start":{"line":71,"column":0},"end":{"line":71,"column":62}},"71":{"start":{"line":72,"column":0},"end":{"line":72,"column":6}},"72":{"start":{"line":73,"column":0},"end":{"line":73,"column":24}},"73":{"start":{"line":74,"column":0},"end":{"line":74,"column":0}},"74":{"start":{"line":75,"column":0},"end":{"line":75,"column":53}},"75":{"start":{"line":76,"column":0},"end":{"line":76,"column":0}},"76":{"start":{"line":77,"column":0},"end":{"line":77,"column":65}},"77":{"start":{"line":78,"column":0},"end":{"line":78,"column":0}},"78":{"start":{"line":79,"column":0},"end":{"line":79,"column":14}},"79":{"start":{"line":80,"column":0},"end":{"line":80,"column":53}},"80":{"start":{"line":81,"column":0},"end":{"line":81,"column":65}},"81":{"start":{"line":82,"column":0},"end":{"line":82,"column":98}},"82":{"start":{"line":83,"column":0},"end":{"line":83,"column":14}},"83":{"start":{"line":84,"column":0},"end":{"line":84,"column":7}},"84":{"start":{"line":85,"column":0},"end":{"line":85,"column":6}},"85":{"start":{"line":86,"column":0},"end":{"line":86,"column":35}},"86":{"start":{"line":87,"column":0},"end":{"line":87,"column":45}},"87":{"start":{"line":88,"column":0},"end":{"line":88,"column":6}},"88":{"start":{"line":89,"column":0},"end":{"line":89,"column":4}},"89":{"start":{"line":90,"column":0},"end":{"line":90,"column":3}},"90":{"start":{"line":91,"column":0},"end":{"line":91,"column":28}},"91":{"start":{"line":92,"column":0},"end":{"line":92,"column":29}},"92":{"start":{"line":93,"column":0},"end":{"line":93,"column":64}},"93":{"start":{"line":94,"column":0},"end":{"line":94,"column":6}},"94":{"start":{"line":95,"column":0},"end":{"line":95,"column":24}},"95":{"start":{"line":96,"column":0},"end":{"line":96,"column":59}},"96":{"start":{"line":97,"column":0},"end":{"line":97,"column":71}},"97":{"start":{"line":98,"column":0},"end":{"line":98,"column":0}},"98":{"start":{"line":99,"column":0},"end":{"line":99,"column":14}},"99":{"start":{"line":100,"column":0},"end":{"line":100,"column":43}},"100":{"start":{"line":101,"column":0},"end":{"line":101,"column":65}},"101":{"start":{"line":102,"column":0},"end":{"line":102,"column":100}},"102":{"start":{"line":103,"column":0},"end":{"line":103,"column":14}},"103":{"start":{"line":104,"column":0},"end":{"line":104,"column":7}},"104":{"start":{"line":105,"column":0},"end":{"line":105,"column":6}},"105":{"start":{"line":106,"column":0},"end":{"line":106,"column":35}},"106
[...]
"13":{"start":{"line":14,"column":0},"end":{"line":14,"column":41}},"14":{"start":{"line":15,"column":0},"end":{"line":15,"column":76}},"15":{"start":{"line":16,"column":0},"end":{"line":16,"column":98}},"16":{"start":{"line":17,"column":0},"end":{"line":17,"column":47}},"17":{"start":{"line":18,"column":0},"end":{"line":18,"column":28}},"18":{"start":{"line":19,"column":0},"end":{"line":19,"column":71}},"19":{"start":{"line":20,"column":0},"end":{"line":20,"column":49}},"20":{"start":{"line":21,"column":0},"end":{"line":21,"column":74}},"21":{"start":{"line":22,"column":0},"end":{"line":22,"column":53}},"22":{"start":{"line":23,"column":0},"end":{"line":23,"column":11}},"23":{"start":{"line":24,"column":0},"end":{"line":24,"column":7}},"24":{"start":{"line":25,"column":0},"end":{"line":25,"column":3}},"25":{"start":{"line":26,"column":0},"end":{"line":26,"column":0}},"26":{"start":{"line":27,"column":0},"end":{"line":27,"column":40}},"27":{"start":{"line":28,"column":0},"end":{"line":28,"column":56}},"28":{"start":{"line":29,"column":0},"end":{"line":29,"column":51}}},"s":{"0":1,"1":1,"2":1,"3":1,"4":1,"5":1,"6":1,"7":1,"8":1,"9":1,"10":1,"11":1,"12":1,"13":1,"14":1,"15":1,"16":1,"17":1,"18":1,"19":1,"20":1,"21":1,"22":1,"23":1,"24":1,"25":1,"26":1,"27":1,"28":1},"branchMap":{"0":{"type":"branch","line":11,"loc":{"start":{"line":11,"column":15},"end":{"line":24,"column":7}},"locations":[{"start":{"line":11,"column":15},"end":{"line":24,"column":7}}]},"1":{"type":"branch","line":18,"loc":{"start":{"line":18,"column":19},"end":{"line":18,"column":27}},"locations":[{"start":{"line":18,"column":19},"end":{"line":18,"column":27}}]},"2":{"type":"branch","line":22,"loc":{"start":{"line":22,"column":26},"end":{"line":22,"column":53}},"locations":[{"start":{"line":22,"column":26},"end":{"line":22,"column":53}}]}},"b":{"0":[1],"1":[2],"2":[2]},"fnMap":{"0":{"name":"endpoints","decl":{"start":{"line":11,"column":15},"end":{"line":24,"column":7}},"loc":{"start":{"line":11,"column":15},"end":{"line":24,"column":7}},"line":11},"1":{"name":"query","decl":{"start":{"line":18,"column":19},"end":{"line":18,"column":27}},"loc":{"start":{"line":18,"column":19},"end":{"line":18,"column":27}},"line":18},"2":{"name":"providesTags","decl":{"start":{"line":22,"column":26},"end":{"line":22,"column":53}},"loc":{"start":{"line":22,"column":26},"end":{"line":22,"column":53}},"line":22}},"f":{"0":1,"1":2,"2":2}}
,"/Users/hectorzea/dev/frontbuild/frontend/lib/features/priority/priorityApiSlice.ts": {"path":"/Users/hectorzea/dev/frontbuild/frontend/lib/features/priority/priorityApiSlice.ts","all":false,"statementMap":{"0":{"start":{"line":1,"column":0},"end":{"line":1,"column":67}},"1":{"start":{"line":2,"column":0},"end":{"line":2,"column":73}},"2":{"start":{"line":3,"column":0},"end":{"line":3,"column":44}},"3":{"start":{"line":4,"column":0},"end":{"line":4,"column":0}},"4":{"start":{"line":5,"column":0},"end":{"line":5,"column":59}},"5":{"start":{"line":6,"column":0},"end":{"line":6,"column":43}},"6":{"start":{"line":7,"column":0},"end":{"line":7,"column":107}},"7":{"start":{"line":8,"column":0},"end":{"line":8,"column":31}},"8":{"start":{"line":9,"column":0},"end":{"line":9,"column":55}},"9":{"start":{"line":10,"column":0},"end":{"line":10,"column":29}},"10":{"start":{"line":11,"column":0},"end":{"line":11,"column":28}},"11":{"start":{"line":12,"column":0},"end":{"line":12,"column":81}},"12":{"start":{"line":13,"column":0},"end":{"line":13,"column":79}},"13":{"start":{"line":14,"column":0},"end":{"line":14,"column":41}},"14":{"start":{"line":15,"column":0},"end":{"line":15,"column":76}},"15":{"start":{"line":16,"column":0},"end":{"line":16,"column":98}},"16":{"start":{"line":17,"column":0},"end":{"line":17,"column":49}},"17":{"start":{"line":18,"column":0},"end":{"line":18,"column":28}},"18":{"start":{"line":19,"column":0},"end":{"line":19,"column":71}},"19":{"start":{"line":20,"column":0},"end":{"line":20,"column":49}},"20":{"start":{"line":21,"column":0},"end":{"line":21,"column":57}},"21":{"start":{"line":22,"column":0},"end":{"line":22,"column":11}},"22":{"start":{"line":23,"column":0},"end":{"line":23,"column":7}},"23":{"start":{"line":24,"column":0},"end":{"line":24,"column":3}},"24":{"start":{"line":25,"column":0},"end":{"line":25,"column":0}},"25":{"start":{"line":26,"column":0},"end":{"line":26,"column":40}},"26":{"start":{"line":27,"column":0},"end":{"line":27,"column":56}},"27":{"start":{"line":28,"column":0},"end":{"line":28,"column":56}}},"s":{"0":1,"1":1,"2":1,"3":1,"4":1,"5":1,"6":1,"7":1,"8":1,"9":1,"10":1,"11":1,"12":1,"13":1,"14":1,"15":1,"16":1,"17":1,"18":1,"19":1,"20":1,"21":1,"22":1,"23":1,"24":1,"25":1,"26":1,"27":1},"branchMap":{"0":{"type":"branch","line":11,"loc":{"start":{"line":11,"column":15},"end":{"line":23,"column":7}},"locations":[{"start":{"line":11,"column":15},"end":{"line":23,"column":7}}]},"1":{"type":"branch","line":18,"loc":{"start":{"line":18,"column":19},"end":{"line":18,"column":27}},"locations":[{"start":{"line":18,"column":19},"end":{"line":18,"column":27}}]},"2":{"type":"branch","line":21,"loc":{"start":{"line":21,"column":26},"end":{"line":21,"column":57}},"locations":[{"start":{"line":21,"column":26},"end":{"line":21,"column":57}}]}},"b":{"0":[1],"1":[2],"2":[2]},"fnMap":{"0":{"name":"endpoints","decl":{"start":{"line":11,"column":15},"end":{"line":23,"column":7}},"loc":{"start":{"line":11,"column":15},"end":{"line":23,"column":7}},"line":11},"1":{"name":"query","decl":{"start":{"line":18,"column":19},"end":{"line":18,"column":27}},"loc":{"start":{"line":18,"column":19},"end":{"line":18,"column":27}},"line":18},"2":{"name":"providesTags","decl":{"start":{"line":21,"column":26},"end":{"line":21,"column":57}},"loc":{"start":{"line":21,"column":26},"end":{"line":21,"column":57}},"line":21}},"f":{"0":1,"1":2,"2":2}}
,"/Users/hectorzea/dev/frontbuild/frontend/lib/features/status/statusApiSlice.ts": {"path":"/Users/hectorzea/dev/frontbuild/frontend/lib/features/status/statusApiSlice.ts","all":false,"statementMap":{"0":{"start":{"line":1,"column":0},"end":{"line":1,"column":67}},"1":{"start":{"line":2,"column":0},"end":{"line":2,"column":45}},"2":{"start":{"line":3,"column":0},"end":{"line":3,"column":73}},"3":{"start":{"line":4,"column":0},"end":{"line":4,"column":0}},"4":{"start":{"line":5,"column":0},"end":{"line":5,"column":59}},"5":{"start":{"line":6,"column":0},"end":{"line":6,"column":41}},"6":{"start":{"line":7,"column":0},"end":{"line":7,"column":103}},"7":{"start":{"line":8,"column":0},"end":{"line":8,"column":29}},"8":{"start":{"line":9,"column":0},"end":{"line":9,"column":55}},"9":{"start":{"line":10,"column":0},"end":{"line":10,"column":27}},"10":{"start":{"line":11,"column":0},"end":{"line":11,"column":28}},"11":{"start":{"line":12,"column":0},"end":{"line":12,"column":81}},"12":{"start":{"line":13,"column":0},"end":{"line":13,"column":79}},"13":{"start":{"line":14,"column":0},"end":{"line":14,"column":41}},"14":{"start":{"line":15,"column":0},"end":{"line":15,"column":76}},"15":{"start":{"line":16,"column":0},"end":{"line":16,"column":98}},"16":{"start":{"line":17,"column":0},"end":{"line":17,"column":48}},"17":{"start":{"line":18,"column":0},"end":{"line":18,"column":28}},"18":{"start":{"line":19,"column":0},"end":{"line":19,"column":71}},"19":{"start":{"line":20,"column":0},"end":{"line":20,"column":49}},"20":{"start":{"line":21,"column":0},"end":{"line":21,"column":32}},"21":{"start":{"line":22,"column":0},"end":{"line":22,"column":55}},"22":{"start":{"line":23,"column":0},"end":{"line":23,"column":11}},"23":{"start":{"line":24,"column":0},"end":{"line":24,"column":7}},"24":{"start":{"line":25,"column":0},"end":{"line":25,"column":3}},"25":{"start":{"line":26,"column":0},"end":{"line":26,"column":0}},"26":{"start":{"line":27,"column":0},"end":{"line":27,"column":40}},"27":{"start":{"line":28,"column":0},"end":{"line":28,"column":56}},"28":{"start":{"line":29,"column":0},"end":{"line":29,"column":52}}},"s":{"0":1,"1":1,"2":1,"3":1,"4":1,"5":1,"6":1,"7":1,"8":1,"9":1,"10":1,"11":1,"12":1,"13":1,"14":1,"15":1,"16":1,"17":1,"18":1,"19":1,"20":1,"21":1,"22":1,"23":1,"24":1,"25":1,"26":1,"27":1,"28":1},"branchMap":{"0":{"type":"branch","line":11,"loc":{"start":{"line":11,"column":15},"end":{"line":24,"column":7}},"locations":[{"start":{"line":11,"column":15},"end":{"line":24,"column":7}}]},"1":{"type":"branch","line":18,"loc":{"start":{"line":18,"column":19},"end":{"line":18,"column":27}},"locations":[{"start":{"line":18,"column":19},"end":{"line":18,"column":27}}]},"2":{"type":"branch","line":22,"loc":{"start":{"line":22,"column":26},"end":{"line":22,"column":55}},"locations":[{"start":{"line":22,"column":26},"end":{"line":22,"column":55}}]}},"b":{"0":[1],"1":[2],"2":[2]},"fnMap":{"0":{"name":"endpoints","decl":{"start":{"line":11,"column":15},"end":{"line":24,"column":7}},"loc":{"start":{"line":11,"column":15},"end":{"line":24,"column":7}},"line":11},"1":{"name":"query","decl":{"start":{"line":18,"column":19},"end":{"line":18,"column":27}},"loc":{"start":{"line":18,"column":19},"end":{"line":18,"column":27}},"line":18},"2":{"name":"providesTags","decl":{"start":{"line":22,"column":26},"end":{"line":22,"column":55}},"loc":{"start":{"line":22,"column":26},"end":{"line":22,"column":55}},"line":22}},"f":{"0":1,"1":2,"2":2}}
,"/Users/hectorzea/dev/frontbuild/frontend/lib/features/tasks/api.ts": {"path":"/Users/hectorzea/dev/frontbuild/frontend/lib/features/tasks/api.ts","all":false,"statementMap":{"0":{"start":{"line":1,"column":0},"end":{"line":1,"column":43}},"1":{"start":{"line":2,"column":0},"end":{"line":2,"column":26}},"2":{"start":{"line":3,"column":0},"end":{"line":3,"column":0}},"3":{"start":{"line":4,"column":0},"end":{"line":4,"column":81}},"4":{"start":{"line":5,"column":0},"end":{"line":5,"column":111}},"5":{"start":{"line":6,"column":0},"end":{"line":6,"column":31}},"6":{"start":{"line":7,"column":0},"end":{"line":7,"column":2}},"7":{"start":{"line":8,"column":0},"end":{"line":8,"column":0}},"8":{"start":{"line":9,"column":0},"end":{"line":9,"column":71}},"9":{"start":{"line":10,"column":0},"end":{"line":10,"column":122}},"10":{"start":{"line":11,"column":0},"end":{"line":11,"column":31}},"11":{"start":{"line":12,"column":0},"end":{"line":12,"column":2}},"12":{"start":{"line":13,"column":0},"end":{"line":13,"column":0}},"13":{"start":{"line":14,"column":0},"end":{"line":14,"column":71}},"14":{"start":{"line":15,"column":0},"end":{"line":15,"column":23}},"15":{"start":{"line":16,"column":0},"end":{"line":16,"column":75}},"16":{"start":{"line":17,"column":0},"end":{"line":17,"column":6}},"17":{"start":{"line":18,"column":0},"end":{"line":18,"column":2}}},"s":{"0":1,"1":1,"2":1,"3":1,"4":1,"5":1,"6":1,"7":1,"8":1,"9":1,"10":1,"11":1,"12":1,"13":1,"14":0,"15":0,"16":0,"17":0},"branchMap":{"0":{"type":"branch","line":4,"loc":{"start":{"line":4,"column":26},"end":{"line":7,"column":2}},"locations":[{"start":{"line":4,"column":26},"end":{"line":7,"column":2}}]},"1":{"type":"branch","line":9,"loc":{"start":{"line":9,"column":29},"end":{"line":12,"column":2}},"locations":[{"start":{"line":9,"column":29},"end":{"line":12,"column":2}}]}},"b":{"0":[1],"1":[1]},"fnMap":{"0":{"name":"addTaskApi","decl":{"start":{"line":4,"column":26},"end":{"line":7,"column":2}},"loc":{"start":{"line":4,"column":26},"end":{"line":7,"column":2}},"line":4},"1":{"name":"updateTaskApi","decl":{"start":{"line":9,"column":29},"end":{"line":12,"column":2}},"loc":{"start":{"line":9,"column":29},"end":{"line":12,"column":2}},"line":9},"2":{"name":"deleteTaskApi","decl":{"start":{"line":14,"column":29},"end":{"line":18,"column":2}},"loc":{"start":{"line":14,"column":29},"end":{"line":18,"column":2}},"line":14}},"f":{"0":1,"1":1,"2":0}}
,"/Users/hectorzea/dev/frontbuild/frontend/lib/features/tasks/tasksApiSlice.ts": {"path":"/Users/hectorzea/dev/frontbuild/frontend/lib/features/tasks/tasksApiSlice.ts","all":false,"statementMap":{"0":{"start":{"line":1,"column":0},"end":{"line":1,"column":67}},"1":{"start":{"line":2,"column":0},"end":{"line":2,"column":43}},"2":{"start":{"line":3,"column":0},"end":{"line":3,"column":73}},"3":{"start":{"line":4,"column":0},"end":{"line":4,"column":0}},"4":{"start":{"line":5,"column":0},"end":{"line":5,"column":59}},"5":{"start":{"line":6,"column":0},"end":{"line":6,"column":40}},"6":{"start":{"line":7,"column":0},"end":{"line":7,"column":100}},"7":{"start":{"line":8,"column":0},"end":{"line":8,"column":26}},"8":{"start":{"line":9,"column":0},"end":{"line":9,"column":53}},"9":{"start":{"line":10,"column":0},"end":{"line":10,"column":22}},"10":{"start":{"line":11,"column":0},"end":{"line":11,"column":26}},"11":{"start":{"line":12,"column":0},"end":{"line":12,"column":77}},"12":{"start":{"line":13,"column":0},"end":{"line":13,"column":75}},"13":{"start":{"line":14,"column":0},"end":{"line":14,"column":37}},"14":{"start":{"line":15,"column":0},"end":{"line":15,"column":72}},"15":{"start":{"line":16,"column":0},"end":{"line":16,"column":94}},"16":{"start":{"line":17,"column":0},"end":{"line":17,"column":41}},"17":{"start":{"line":18,"column":0},"end":{"line":18,"column":22}},"18":{"start":{"line":19,"column":0},"end":{"line":19,"column":65}},"19":{"start":{"line":20,"column":0},"end":{"line":20,"column":43}},"20":{"start":{"line":21,"column":0},"end":{"line":21,"column":46}},"21":{"start":{"line":22,"column":0},"end":{"line":22,"column":7}},"22":{"start":{"line":23,"column":0},"end":{"line":23,"column":5}},"23":{"start":{"line":24,"column":0},"end":{"line":24,"column":3}},"24":{"start":{"line":25,"column":0},"end":{"line":25,"column":0}},"25":{"start":{"line":26,"column":0},"end":{"line":26,"column":40}},"26":{"start":{"line":27,"column":0},"end":{"line":27,"column":56}},"27":{"start":{"line":28,"column":0},"end":{"line":28,"column":50}}},"s":{"0":1,"1":1,"2":1,"3":1,"4":1,"5":1,"6":1,"7":1,"8":1,"9":1,"10":1,"11":1,"12":1,"13":1,"14":1,"15":1,"16":1,"17":1,"18":1,"19":1,"20":1,"21":1,"22":1,"23":1,"24":1,"25":1,"26":1,"27":1},"branchMap":{"0":{"type":"branch","line":11,"loc":{"start":{"line":11,"column":13},"end":{"line":23,"column":5}},"locations":[{"start":{"line":11,"column":13},"end":{"line":23,"column":5}}]},"1":{"type":"branch","line":18,"loc":{"start":{"line":18,"column":13},"end":{"line":18,"column":21}},"locations":[{"start":{"line":18,"column":13},"end":{"line":18,"column":21}}]},"2":{"type":"branch","line":21,"loc":{"start":{"line":21,"column":20},"end":{"line":21,"column":46}},"locations":[{"start":{"line":21,"column":20},"end":{"line":21,"column":46}}]}},"b":{"0":[1],"1":[2],"2":[2]},"fnMap":{"0":{"name":"endpoints","decl":{"start":{"line":11,"column":13},"end":{"line":23,"column":5}},"loc":{"start":{"line":11,"column":13},"end":{"line":23,"column":5}},"line":11},"1":{"name":"query","decl":{"start":{"line":18,"column":13},"end":{"line":18,"column":21}},"loc":{"start":{"line":18,"column":13},"end":{"line":18,"column":21}},"line":18},"2":{"name":"providesTags","decl":{"start":{"line":21,"column":20},"end":{"line":21,"column":46}},"loc":{"start":{"line":21,"column":20},"end":{"line":21,"column":46}},"line":21}},"f":{"0":1,"1":2,"2":2}}
,"/Users/hectorzea/dev/frontbuild/frontend/lib/features/tasks/tasksSlice.ts": {"path":"/Users/hectorzea/dev/frontbuild/frontend/lib/features/tasks/tasksSlice.ts","all":false,"statementMap":{"0":{"start":{"line":1,"column":0},"end":{"line":1,"column":43}},"1":{"start":{"line":2,"column":0},"end":{"line":2,"column":62}},"2":{"start":{"line":3,"column":0},"end":{"line":3,"column":0}},"3":{"start":{"line":4,"column":0},"end":{"line":4,"column":22}},"4":{"start":{"line":5,"column":0},"end":{"line":5,"column":16}},"5":{"start":{"line":6,"column":0},"end":{"line":6,"column":1}},"6":{"start":{"line":7,"column":0},"end":{"line":7,"column":0}},"7":{"start":{"line":8,"column":0},"end":{"line":8,"column":34}},"8":{"start":{"line":9,"column":0},"end":{"line":9,"column":12}},"9":{"start":{"line":10,"column":0},"end":{"line":10,"column":2}},"10":{"start":{"line":11,"column":0},"end":{"line":11,"column":0}},"11":{"start":{"line":12,"column":0},"end":{"line":12,"column":39}},"12":{"start":{"line":13,"column":0},"end":{"line":13,"column":16}},"13":{"start":{"line":14,"column":0},"end":{"line":14,"column":15}},"14":{"start":{"line":15,"column":0},"end":{"line":15,"column":13}},"15":{"start":{"line":16,"column":0},"end":{"line":16,"column":57}},"16":{"start":{"line":17,"column":0},"end":{"line":17,"column":34}},"17":{"start":{"line":18,"column":0},"end":{"line":18,"column":6}},"18":{"start":{"line":19,"column":0},"end":{"line":19,"column":54}},"19":{"start":{"line":20,"column":0},"end":{"line":20,"column":38}},"20":{"start":{"line":21,"column":0},"end":{"line":21,"column":6}},"21":{"start":{"line":22,"column":0},"end":{"line":22,"column":59}},"22":{"start":{"line":23,"column":0},"end":{"line":23,"column":76}},"23":{"start":{"line":24,"column":0},"end":{"line":24,"column":6}},"24":{"start":{"line":25,"column":0},"end":{"line":25,"column":57}},"25":{"start":{"line":26,"column":0},"end":{"line":26,"column":78}},"26":{"start":{"line":27,"column":0},"end":{"line":27,"column":17}},"27":{"start":{"line":28,"column":0},"end":{"line":28,"column":42}},"28":{"start":{"line":29,"column":0},"end":{"line":29,"column":42}},"29":{"start":{"line":30,"column":0},"end":{"line":30,"column":48}},"30":{"start":{"line":31,"column":0},"end":{"line":31,"column":44}},"31":{"start":{"line":32,"column":0},"end":{"line":32,"column":7}},"32":{"start":{"line":33,"column":0},"end":{"line":33,"column":5}},"33":{"start":{"line":34,"column":0},"end":{"line":34,"column":4}},"34":{"start":{"line":35,"column":0},"end":{"line":35,"column":14}},"35":{"start":{"line":36,"column":0},"end":{"line":36,"column":41}},"36":{"start":{"line":37,"column":0},"end":{"line":37,"column":4}},"37":{"start":{"line":38,"column":0},"end":{"line":38,"column":34}},"38":{"start":{"line":39,"column":0},"end":{"line":39,"column":48}},"39":{"start":{"line":40,"column":0},"end":{"line":40,"column":7}},"40":{"start":{"line":41,"column":0},"end":{"line":41,"column":3}},"41":{"start":{"line":42,"column":0},"end":{"line":42,"column":0}},"42":{"start":{"line":43,"column":0},"end":{"line":43,"column":80}},"43":{"start":{"line":44,"column":0},"end":{"line":44,"column":0}},"44":{"start":{"line":45,"column":0},"end":{"line":45,"column":55}}},"s":{"0":1,"1":1,"2":1,"3":1,"4":1,"5":1,"6":1,"7":1,"8":1,"9":1,"10":1,"11":1,"12":1,"13":1,"14":1,"15":1,"16":1,"17":1,"18":1,"19":0,"20":0,"21":1,"22":0,"23":0,"24":1,"25":0,"26":0,"27":0,"28":0,"29":0,"30":0,"31":0,"32":0,"33":1,"34":1,"35":1,"36":1,"37":1,"38":1,"39":1,"40":1,"41":1,"42":1,"43":1,"44":1},"branchMap":{"0":{"type":"branch","line":16,"loc":{"start":{"line":16,"column":14},"end":{"line":18,"column":6}},"locations":[{"start":{"line":16,"column":14},"end":{"line":18,"column":6}}]},"1":{"type":"branch","line":36,"loc":{"start":{"line":36,"column":20},"end":{"line":36,"column":40}},"locations":[{"start":{"line":36,"column":20},"end":{"line":36,"column":40}}]}},"b":{"0":[1],"1":[12]},"fnMap":{"0":{"name":"setTasks","decl":{"start":{"line":16,"column":14},"end":{"line":18,"column":6}},"loc":{"start":{"line":16,"column":14},"end":{"line":18,"column":6}},"line":16},"1":{"name":"addTask","decl":{"start":{"line":19,"column":13},"end":{"line":21,"column":6}},"loc":{"start":{"line":19,"column":13},"end":{"line":21,"column":6}},"line":19},"2":{"name":"removeTask","decl":{"start":{"line":22,"column":16},"end":{"line":24,"column":6}},"loc":{"start":{"line":22,"column":16},"end":{"line":24,"column":6}},"line":22},"3":{"name":"modifyTask","decl":{"start":{"line":25,"column":16},"end":{"line":33,"column":5}},"loc":{"start":{"line":25,"column":16},"end":{"line":33,"column":5}},"line":25},"4":{"name":"selectAllTasks","decl":{"start":{"line":36,"column":20},"end":{"line":36,"column":40}},"loc":{"start":{"line":36,"column":20},"end":{"line":36,"column":40}},"line":36}},"f":{"0":1,"1":0,"2":0,"3":0,"4":12}}
}
